  Modeling and Analysis of UncertaintyDoc.cpp
C:\Users\henry\Documents\GitHub\ModelingAndAnalysisOfUncertainty\source\resource.h(172,1): warning C4005: 'IDC_CROSS': macro redefinition
  (compiling source file '/Modeling%20and%20Analysis%20of%20UncertaintyDoc.cpp')
  C:\Program Files (x86)\Windows Kits\10\Include\10.0.22000.0\um\winuser.h(10622,1):
  see previous definition of 'IDC_CROSS'
  
C:\Users\henry\Documents\GitHub\ModelingAndAnalysisOfUncertainty\source\Modeling and Analysis of UncertaintyDoc.cpp(378,12): warning C4244: 'initializing': conversion from 'INT_PTR' to 'int', possible loss of data
  (compiling source file '/Modeling%20and%20Analysis%20of%20UncertaintyDoc.cpp')
  
C:\Users\henry\Documents\GitHub\ModelingAndAnalysisOfUncertainty\source\Modeling and Analysis of UncertaintyDoc.cpp(378,33): warning C4244: 'initializing': conversion from 'INT_PTR' to 'int', possible loss of data
  (compiling source file '/Modeling%20and%20Analysis%20of%20UncertaintyDoc.cpp')
  
C:\Users\henry\Documents\GitHub\ModelingAndAnalysisOfUncertainty\source\Modeling and Analysis of UncertaintyDoc.cpp(3118,16): warning C4244: 'initializing': conversion from '_Rep' to 'unsigned int', possible loss of data
C:\Users\henry\Documents\GitHub\ModelingAndAnalysisOfUncertainty\source\Modeling and Analysis of UncertaintyDoc.cpp(3118,16): warning C4244:         with
C:\Users\henry\Documents\GitHub\ModelingAndAnalysisOfUncertainty\source\Modeling and Analysis of UncertaintyDoc.cpp(3118,16): warning C4244:         [
C:\Users\henry\Documents\GitHub\ModelingAndAnalysisOfUncertainty\source\Modeling and Analysis of UncertaintyDoc.cpp(3118,16): warning C4244:             _Rep=std::chrono::system_clock::rep
C:\Users\henry\Documents\GitHub\ModelingAndAnalysisOfUncertainty\source\Modeling and Analysis of UncertaintyDoc.cpp(3118,16): warning C4244:         ]
  (compiling source file '/Modeling%20and%20Analysis%20of%20UncertaintyDoc.cpp')
  
C:\Users\henry\Documents\GitHub\ModelingAndAnalysisOfUncertainty\source\Modeling and Analysis of UncertaintyDoc.cpp(3215,16): warning C4244: 'initializing': conversion from 'INT_PTR' to 'int', possible loss of data
  (compiling source file '/Modeling%20and%20Analysis%20of%20UncertaintyDoc.cpp')
  
C:\Users\henry\Documents\GitHub\ModelingAndAnalysisOfUncertainty\source\Modeling and Analysis of UncertaintyDoc.cpp(3285,19): warning C4305: 'initializing': truncation from 'double' to 'float'
  (compiling source file '/Modeling%20and%20Analysis%20of%20UncertaintyDoc.cpp')
  
C:\Users\henry\Documents\GitHub\ModelingAndAnalysisOfUncertainty\source\Modeling and Analysis of UncertaintyDoc.cpp(3800,10): warning C4101: 'good1': unreferenced local variable
  (compiling source file '/Modeling%20and%20Analysis%20of%20UncertaintyDoc.cpp')
  
C:\Users\henry\Documents\GitHub\ModelingAndAnalysisOfUncertainty\source\Modeling and Analysis of UncertaintyDoc.cpp(3851,10): warning C4101: 'good2': unreferenced local variable
  (compiling source file '/Modeling%20and%20Analysis%20of%20UncertaintyDoc.cpp')
  
C:\Users\henry\Documents\GitHub\ModelingAndAnalysisOfUncertainty\source\Modeling and Analysis of UncertaintyDoc.cpp(5253,26): warning C4244: '=': conversion from 'INT_PTR' to 'int', possible loss of data
  (compiling source file '/Modeling%20and%20Analysis%20of%20UncertaintyDoc.cpp')
  
C:\Users\henry\Documents\GitHub\ModelingAndAnalysisOfUncertainty\source\Modeling and Analysis of UncertaintyDoc.cpp(5358,17): warning C4244: 'argument': conversion from 'double' to 'INT_PTR', possible loss of data
  (compiling source file '/Modeling%20and%20Analysis%20of%20UncertaintyDoc.cpp')
  
C:\Users\henry\Documents\GitHub\ModelingAndAnalysisOfUncertainty\source\Modeling and Analysis of UncertaintyDoc.cpp(5359,17): warning C4244: 'argument': conversion from 'double' to 'INT_PTR', possible loss of data
  (compiling source file '/Modeling%20and%20Analysis%20of%20UncertaintyDoc.cpp')
  
C:\Users\henry\Documents\GitHub\ModelingAndAnalysisOfUncertainty\source\Modeling and Analysis of UncertaintyDoc.cpp(5391,12): warning C4244: 'initializing': conversion from 'INT_PTR' to 'int', possible loss of data
  (compiling source file '/Modeling%20and%20Analysis%20of%20UncertaintyDoc.cpp')
  
C:\Users\henry\Documents\GitHub\ModelingAndAnalysisOfUncertainty\source\Modeling and Analysis of UncertaintyDoc.cpp(5393,15): warning C4244: '=': conversion from 'TYPE' to 'float', possible loss of data
C:\Users\henry\Documents\GitHub\ModelingAndAnalysisOfUncertainty\source\Modeling and Analysis of UncertaintyDoc.cpp(5393,15): warning C4244:         with
C:\Users\henry\Documents\GitHub\ModelingAndAnalysisOfUncertainty\source\Modeling and Analysis of UncertaintyDoc.cpp(5393,15): warning C4244:         [
C:\Users\henry\Documents\GitHub\ModelingAndAnalysisOfUncertainty\source\Modeling and Analysis of UncertaintyDoc.cpp(5393,15): warning C4244:             TYPE=double
C:\Users\henry\Documents\GitHub\ModelingAndAnalysisOfUncertainty\source\Modeling and Analysis of UncertaintyDoc.cpp(5393,15): warning C4244:         ]
  (compiling source file '/Modeling%20and%20Analysis%20of%20UncertaintyDoc.cpp')
  
C:\Users\henry\Documents\GitHub\ModelingAndAnalysisOfUncertainty\source\Modeling and Analysis of UncertaintyDoc.cpp(5394,15): warning C4244: '=': conversion from 'TYPE' to 'float', possible loss of data
C:\Users\henry\Documents\GitHub\ModelingAndAnalysisOfUncertainty\source\Modeling and Analysis of UncertaintyDoc.cpp(5394,15): warning C4244:         with
C:\Users\henry\Documents\GitHub\ModelingAndAnalysisOfUncertainty\source\Modeling and Analysis of UncertaintyDoc.cpp(5394,15): warning C4244:         [
C:\Users\henry\Documents\GitHub\ModelingAndAnalysisOfUncertainty\source\Modeling and Analysis of UncertaintyDoc.cpp(5394,15): warning C4244:             TYPE=double
C:\Users\henry\Documents\GitHub\ModelingAndAnalysisOfUncertainty\source\Modeling and Analysis of UncertaintyDoc.cpp(5394,15): warning C4244:         ]
  (compiling source file '/Modeling%20and%20Analysis%20of%20UncertaintyDoc.cpp')
  
C:\Users\henry\Documents\GitHub\ModelingAndAnalysisOfUncertainty\source\Modeling and Analysis of UncertaintyDoc.cpp(5397,16): warning C4244: '=': conversion from 'TYPE' to 'float', possible loss of data
C:\Users\henry\Documents\GitHub\ModelingAndAnalysisOfUncertainty\source\Modeling and Analysis of UncertaintyDoc.cpp(5397,16): warning C4244:         with
C:\Users\henry\Documents\GitHub\ModelingAndAnalysisOfUncertainty\source\Modeling and Analysis of UncertaintyDoc.cpp(5397,16): warning C4244:         [
C:\Users\henry\Documents\GitHub\ModelingAndAnalysisOfUncertainty\source\Modeling and Analysis of UncertaintyDoc.cpp(5397,16): warning C4244:             TYPE=double
C:\Users\henry\Documents\GitHub\ModelingAndAnalysisOfUncertainty\source\Modeling and Analysis of UncertaintyDoc.cpp(5397,16): warning C4244:         ]
  (compiling source file '/Modeling%20and%20Analysis%20of%20UncertaintyDoc.cpp')
  
C:\Users\henry\Documents\GitHub\ModelingAndAnalysisOfUncertainty\source\Modeling and Analysis of UncertaintyDoc.cpp(5398,16): warning C4244: '=': conversion from 'TYPE' to 'float', possible loss of data
C:\Users\henry\Documents\GitHub\ModelingAndAnalysisOfUncertainty\source\Modeling and Analysis of UncertaintyDoc.cpp(5398,16): warning C4244:         with
C:\Users\henry\Documents\GitHub\ModelingAndAnalysisOfUncertainty\source\Modeling and Analysis of UncertaintyDoc.cpp(5398,16): warning C4244:         [
C:\Users\henry\Documents\GitHub\ModelingAndAnalysisOfUncertainty\source\Modeling and Analysis of UncertaintyDoc.cpp(5398,16): warning C4244:             TYPE=double
C:\Users\henry\Documents\GitHub\ModelingAndAnalysisOfUncertainty\source\Modeling and Analysis of UncertaintyDoc.cpp(5398,16): warning C4244:         ]
  (compiling source file '/Modeling%20and%20Analysis%20of%20UncertaintyDoc.cpp')
  
C:\Users\henry\Documents\GitHub\ModelingAndAnalysisOfUncertainty\source\Modeling and Analysis of UncertaintyDoc.cpp(5427,43): warning C4244: 'argument': conversion from 'TYPE' to 'INT_PTR', possible loss of data
C:\Users\henry\Documents\GitHub\ModelingAndAnalysisOfUncertainty\source\Modeling and Analysis of UncertaintyDoc.cpp(5427,43): warning C4244:         with
C:\Users\henry\Documents\GitHub\ModelingAndAnalysisOfUncertainty\source\Modeling and Analysis of UncertaintyDoc.cpp(5427,43): warning C4244:         [
C:\Users\henry\Documents\GitHub\ModelingAndAnalysisOfUncertainty\source\Modeling and Analysis of UncertaintyDoc.cpp(5427,43): warning C4244:             TYPE=double
C:\Users\henry\Documents\GitHub\ModelingAndAnalysisOfUncertainty\source\Modeling and Analysis of UncertaintyDoc.cpp(5427,43): warning C4244:         ]
  (compiling source file '/Modeling%20and%20Analysis%20of%20UncertaintyDoc.cpp')
  
C:\Users\henry\Documents\GitHub\ModelingAndAnalysisOfUncertainty\source\Modeling and Analysis of UncertaintyDoc.cpp(5532,18): warning C4244: 'initializing': conversion from 'INT_PTR' to 'int', possible loss of data
  (compiling source file '/Modeling%20and%20Analysis%20of%20UncertaintyDoc.cpp')
  
C:\Users\henry\Documents\GitHub\ModelingAndAnalysisOfUncertainty\source\Modeling and Analysis of UncertaintyDoc.cpp(5562,18): warning C4244: 'initializing': conversion from 'INT_PTR' to 'int', possible loss of data
  (compiling source file '/Modeling%20and%20Analysis%20of%20UncertaintyDoc.cpp')
  
C:\Users\henry\Documents\GitHub\ModelingAndAnalysisOfUncertainty\source\Modeling and Analysis of UncertaintyDoc.cpp(5624,35): warning C4267: '=': conversion from 'size_t' to 'int', possible loss of data
  (compiling source file '/Modeling%20and%20Analysis%20of%20UncertaintyDoc.cpp')
  
C:\Users\henry\Documents\GitHub\ModelingAndAnalysisOfUncertainty\source\Modeling and Analysis of UncertaintyDoc.cpp(5646,37): warning C4267: 'initializing': conversion from 'size_t' to 'unsigned long', possible loss of data
  (compiling source file '/Modeling%20and%20Analysis%20of%20UncertaintyDoc.cpp')
  
C:\Users\henry\Documents\GitHub\ModelingAndAnalysisOfUncertainty\source\Modeling and Analysis of UncertaintyDoc.cpp(5790,36): warning C4244: '=': conversion from '__int64' to 'unsigned long', possible loss of data
  (compiling source file '/Modeling%20and%20Analysis%20of%20UncertaintyDoc.cpp')
  
C:\Users\henry\Documents\GitHub\ModelingAndAnalysisOfUncertainty\source\Modeling and Analysis of UncertaintyDoc.cpp(5831,29): warning C4267: '=': conversion from 'size_t' to 'int', possible loss of data
  (compiling source file '/Modeling%20and%20Analysis%20of%20UncertaintyDoc.cpp')
  
C:\Users\henry\Documents\GitHub\ModelingAndAnalysisOfUncertainty\source\Modeling and Analysis of UncertaintyDoc.cpp(5934,14): warning C4244: 'initializing': conversion from 'INT_PTR' to 'int', possible loss of data
  (compiling source file '/Modeling%20and%20Analysis%20of%20UncertaintyDoc.cpp')
  
C:\Users\henry\Documents\GitHub\ModelingAndAnalysisOfUncertainty\source\Modeling and Analysis of UncertaintyDoc.cpp(5999,107): warning C4305: 'argument': truncation from 'double' to 'float'
  (compiling source file '/Modeling%20and%20Analysis%20of%20UncertaintyDoc.cpp')
  
C:\Users\henry\Documents\GitHub\ModelingAndAnalysisOfUncertainty\source\Modeling and Analysis of UncertaintyDoc.cpp(6009,17): warning C4244: 'initializing': conversion from 'INT_PTR' to 'int', possible loss of data
  (compiling source file '/Modeling%20and%20Analysis%20of%20UncertaintyDoc.cpp')
  
C:\Users\henry\Documents\GitHub\ModelingAndAnalysisOfUncertainty\source\Modeling and Analysis of UncertaintyDoc.cpp(6154,17): warning C4244: 'initializing': conversion from 'INT_PTR' to 'int', possible loss of data
  (compiling source file '/Modeling%20and%20Analysis%20of%20UncertaintyDoc.cpp')
  
C:\Users\henry\Documents\GitHub\ModelingAndAnalysisOfUncertainty\source\Modeling and Analysis of UncertaintyDoc.cpp(6288,113): warning C4305: 'argument': truncation from 'double' to 'float'
  (compiling source file '/Modeling%20and%20Analysis%20of%20UncertaintyDoc.cpp')
  
C:\Users\henry\Documents\GitHub\ModelingAndAnalysisOfUncertainty\source\Modeling and Analysis of UncertaintyDoc.cpp(6343,14): warning C4244: 'initializing': conversion from 'const TYPE' to 'int', possible loss of data
C:\Users\henry\Documents\GitHub\ModelingAndAnalysisOfUncertainty\source\Modeling and Analysis of UncertaintyDoc.cpp(6343,14): warning C4244:         with
C:\Users\henry\Documents\GitHub\ModelingAndAnalysisOfUncertainty\source\Modeling and Analysis of UncertaintyDoc.cpp(6343,14): warning C4244:         [
C:\Users\henry\Documents\GitHub\ModelingAndAnalysisOfUncertainty\source\Modeling and Analysis of UncertaintyDoc.cpp(6343,14): warning C4244:             TYPE=double
C:\Users\henry\Documents\GitHub\ModelingAndAnalysisOfUncertainty\source\Modeling and Analysis of UncertaintyDoc.cpp(6343,14): warning C4244:         ]
  (compiling source file '/Modeling%20and%20Analysis%20of%20UncertaintyDoc.cpp')
  
C:\Users\henry\Documents\GitHub\ModelingAndAnalysisOfUncertainty\source\Modeling and Analysis of UncertaintyDoc.cpp(7298,48): error C2661: 'CArray<double,const TYPE &>::CArray': no overloaded function takes 2 arguments
C:\Users\henry\Documents\GitHub\ModelingAndAnalysisOfUncertainty\source\Modeling and Analysis of UncertaintyDoc.cpp(7298,48): error C2661:         with
C:\Users\henry\Documents\GitHub\ModelingAndAnalysisOfUncertainty\source\Modeling and Analysis of UncertaintyDoc.cpp(7298,48): error C2661:         [
C:\Users\henry\Documents\GitHub\ModelingAndAnalysisOfUncertainty\source\Modeling and Analysis of UncertaintyDoc.cpp(7298,48): error C2661:             TYPE=double
C:\Users\henry\Documents\GitHub\ModelingAndAnalysisOfUncertainty\source\Modeling and Analysis of UncertaintyDoc.cpp(7298,48): error C2661:         ]
  (compiling source file '/Modeling%20and%20Analysis%20of%20UncertaintyDoc.cpp')
  C:\Users\henry\Documents\GitHub\ModelingAndAnalysisOfUncertainty\source\Modeling and Analysis of UncertaintyDoc.cpp(7298,48):
  while trying to match the argument list '(int, double)'
  
C:\Users\henry\Documents\GitHub\ModelingAndAnalysisOfUncertainty\source\Modeling and Analysis of UncertaintyDoc.cpp(7298,67): error C2661: 'CArray<double,const TYPE &>::CArray': no overloaded function takes 2 arguments
C:\Users\henry\Documents\GitHub\ModelingAndAnalysisOfUncertainty\source\Modeling and Analysis of UncertaintyDoc.cpp(7298,67): error C2661:         with
C:\Users\henry\Documents\GitHub\ModelingAndAnalysisOfUncertainty\source\Modeling and Analysis of UncertaintyDoc.cpp(7298,67): error C2661:         [
C:\Users\henry\Documents\GitHub\ModelingAndAnalysisOfUncertainty\source\Modeling and Analysis of UncertaintyDoc.cpp(7298,67): error C2661:             TYPE=double
C:\Users\henry\Documents\GitHub\ModelingAndAnalysisOfUncertainty\source\Modeling and Analysis of UncertaintyDoc.cpp(7298,67): error C2661:         ]
  (compiling source file '/Modeling%20and%20Analysis%20of%20UncertaintyDoc.cpp')
  C:\Users\henry\Documents\GitHub\ModelingAndAnalysisOfUncertainty\source\Modeling and Analysis of UncertaintyDoc.cpp(7298,67):
  while trying to match the argument list '(int, double)'
  
C:\Users\henry\Documents\GitHub\ModelingAndAnalysisOfUncertainty\source\Modeling and Analysis of UncertaintyDoc.cpp(7298,86): error C2661: 'CArray<int,const TYPE &>::CArray': no overloaded function takes 2 arguments
C:\Users\henry\Documents\GitHub\ModelingAndAnalysisOfUncertainty\source\Modeling and Analysis of UncertaintyDoc.cpp(7298,86): error C2661:         with
C:\Users\henry\Documents\GitHub\ModelingAndAnalysisOfUncertainty\source\Modeling and Analysis of UncertaintyDoc.cpp(7298,86): error C2661:         [
C:\Users\henry\Documents\GitHub\ModelingAndAnalysisOfUncertainty\source\Modeling and Analysis of UncertaintyDoc.cpp(7298,86): error C2661:             TYPE=int
C:\Users\henry\Documents\GitHub\ModelingAndAnalysisOfUncertainty\source\Modeling and Analysis of UncertaintyDoc.cpp(7298,86): error C2661:         ]
  (compiling source file '/Modeling%20and%20Analysis%20of%20UncertaintyDoc.cpp')
  C:\Users\henry\Documents\GitHub\ModelingAndAnalysisOfUncertainty\source\Modeling and Analysis of UncertaintyDoc.cpp(7298,86):
  while trying to match the argument list '(int, int)'
  
C:\Users\henry\Documents\GitHub\ModelingAndAnalysisOfUncertainty\source\Modeling and Analysis of UncertaintyDoc.cpp(7303,11): error C2280: 'CArray<double,const TYPE &> &CArray<TYPE,const TYPE &>::operator =(const CArray<TYPE,const TYPE &> &)': attempting to reference a deleted function
C:\Users\henry\Documents\GitHub\ModelingAndAnalysisOfUncertainty\source\Modeling and Analysis of UncertaintyDoc.cpp(7303,11): error C2280:         with
C:\Users\henry\Documents\GitHub\ModelingAndAnalysisOfUncertainty\source\Modeling and Analysis of UncertaintyDoc.cpp(7303,11): error C2280:         [
C:\Users\henry\Documents\GitHub\ModelingAndAnalysisOfUncertainty\source\Modeling and Analysis of UncertaintyDoc.cpp(7303,11): error C2280:             TYPE=double
C:\Users\henry\Documents\GitHub\ModelingAndAnalysisOfUncertainty\source\Modeling and Analysis of UncertaintyDoc.cpp(7303,11): error C2280:         ]
  (compiling source file '/Modeling%20and%20Analysis%20of%20UncertaintyDoc.cpp')
  C:\Program Files\Microsoft Visual Studio\2022\Community\VC\Tools\MSVC\14.39.33519\atlmfc\include\afxtempl.h(267,1):
  compiler has generated 'CArray<double,const TYPE &>::operator =' here
          with
          [
              TYPE=double
          ]
  C:\Program Files\Microsoft Visual Studio\2022\Community\VC\Tools\MSVC\14.39.33519\atlmfc\include\afxtempl.h(267,1):
  'CArray<double,const TYPE &> &CArray<TYPE,const TYPE &>::operator =(const CArray<TYPE,const TYPE &> &)': function was implicitly deleted because a base class invokes a deleted or inaccessible function 'void CObject::operator =(const CObject &)'
          with
          [
              TYPE=double
          ]
  
C:\Users\henry\Documents\GitHub\ModelingAndAnalysisOfUncertainty\source\Modeling and Analysis of UncertaintyDoc.cpp(7304,16): error C2280: 'CArray<int,const TYPE &> &CArray<TYPE,const TYPE &>::operator =(const CArray<TYPE,const TYPE &> &)': attempting to reference a deleted function
C:\Users\henry\Documents\GitHub\ModelingAndAnalysisOfUncertainty\source\Modeling and Analysis of UncertaintyDoc.cpp(7304,16): error C2280:         with
C:\Users\henry\Documents\GitHub\ModelingAndAnalysisOfUncertainty\source\Modeling and Analysis of UncertaintyDoc.cpp(7304,16): error C2280:         [
C:\Users\henry\Documents\GitHub\ModelingAndAnalysisOfUncertainty\source\Modeling and Analysis of UncertaintyDoc.cpp(7304,16): error C2280:             TYPE=int
C:\Users\henry\Documents\GitHub\ModelingAndAnalysisOfUncertainty\source\Modeling and Analysis of UncertaintyDoc.cpp(7304,16): error C2280:         ]
  (compiling source file '/Modeling%20and%20Analysis%20of%20UncertaintyDoc.cpp')
  C:\Program Files\Microsoft Visual Studio\2022\Community\VC\Tools\MSVC\14.39.33519\atlmfc\include\afxtempl.h(267,1):
  compiler has generated 'CArray<int,const TYPE &>::operator =' here
          with
          [
              TYPE=int
          ]
  C:\Program Files\Microsoft Visual Studio\2022\Community\VC\Tools\MSVC\14.39.33519\atlmfc\include\afxtempl.h(267,1):
  'CArray<int,const TYPE &> &CArray<TYPE,const TYPE &>::operator =(const CArray<TYPE,const TYPE &> &)': function was implicitly deleted because a base class invokes a deleted or inaccessible function 'void CObject::operator =(const CObject &)'
          with
          [
              TYPE=int
          ]
  
C:\Users\henry\Documents\GitHub\ModelingAndAnalysisOfUncertainty\source\Modeling and Analysis of UncertaintyDoc.cpp(7305,3): error C2679: binary '=': no operator found which takes a right-hand operand of type 'const CArray<double,const TYPE &>' (or there is no acceptable conversion)
C:\Users\henry\Documents\GitHub\ModelingAndAnalysisOfUncertainty\source\Modeling and Analysis of UncertaintyDoc.cpp(7305,3): error C2679:         with
C:\Users\henry\Documents\GitHub\ModelingAndAnalysisOfUncertainty\source\Modeling and Analysis of UncertaintyDoc.cpp(7305,3): error C2679:         [
C:\Users\henry\Documents\GitHub\ModelingAndAnalysisOfUncertainty\source\Modeling and Analysis of UncertaintyDoc.cpp(7305,3): error C2679:             TYPE=double
C:\Users\henry\Documents\GitHub\ModelingAndAnalysisOfUncertainty\source\Modeling and Analysis of UncertaintyDoc.cpp(7305,3): error C2679:         ]
  (compiling source file '/Modeling%20and%20Analysis%20of%20UncertaintyDoc.cpp')
  C:\Program Files\Microsoft Visual Studio\2022\Community\VC\Tools\MSVC\14.39.33519\atlmfc\include\afxtempl.h(267,1):
  could be 'CArray<int,const TYPE &> &CArray<TYPE,const TYPE &>::operator =(const CArray<TYPE,const TYPE &> &)'
          with
          [
              TYPE=int
          ]
  	C:\Users\henry\Documents\GitHub\ModelingAndAnalysisOfUncertainty\source\Modeling and Analysis of UncertaintyDoc.cpp(7305,3):
  	'CArray<int,const TYPE &> &CArray<TYPE,const TYPE &>::operator =(const CArray<TYPE,const TYPE &> &)': cannot convert argument 2 from 'const CArray<double,const TYPE &>' to 'const CArray<int,const TYPE &> &'
          with
          [
              TYPE=int
          ]
          and
          [
              TYPE=double
          ]
          and
          [
              TYPE=int
          ]
  		C:\Users\henry\Documents\GitHub\ModelingAndAnalysisOfUncertainty\source\Modeling and Analysis of UncertaintyDoc.cpp(7305,12):
  		Reason: cannot convert from 'const CArray<double,const TYPE &>' to 'const CArray<int,const TYPE &>'
          with
          [
              TYPE=double
          ]
          and
          [
              TYPE=int
          ]
  		C:\Users\henry\Documents\GitHub\ModelingAndAnalysisOfUncertainty\source\Modeling and Analysis of UncertaintyDoc.cpp(7305,12):
  		No user-defined-conversion operator available that can perform this conversion, or the operator cannot be called
  C:\Users\henry\Documents\GitHub\ModelingAndAnalysisOfUncertainty\source\Modeling and Analysis of UncertaintyDoc.cpp(7305,3):
  while trying to match the argument list '(CArray<int,const TYPE &>, const CArray<double,const TYPE &>)'
          with
          [
              TYPE=int
          ]
          and
          [
              TYPE=double
          ]
  
C:\Users\henry\Documents\GitHub\ModelingAndAnalysisOfUncertainty\source\Modeling and Analysis of UncertaintyDoc.cpp(7341,3): error C2065: 'cout': undeclared identifier
  (compiling source file '/Modeling%20and%20Analysis%20of%20UncertaintyDoc.cpp')
  
C:\Users\henry\Documents\GitHub\ModelingAndAnalysisOfUncertainty\source\Modeling and Analysis of UncertaintyDoc.cpp(7341,38): error C2065: 'endl': undeclared identifier
  (compiling source file '/Modeling%20and%20Analysis%20of%20UncertaintyDoc.cpp')
  
C:\Users\henry\Documents\GitHub\ModelingAndAnalysisOfUncertainty\source\Modeling and Analysis of UncertaintyDoc.cpp(7342,3): error C2065: 'cout': undeclared identifier
  (compiling source file '/Modeling%20and%20Analysis%20of%20UncertaintyDoc.cpp')
  
C:\Users\henry\Documents\GitHub\ModelingAndAnalysisOfUncertainty\source\Modeling and Analysis of UncertaintyDoc.cpp(7342,50): error C2065: 'endl': undeclared identifier
  (compiling source file '/Modeling%20and%20Analysis%20of%20UncertaintyDoc.cpp')
  
C:\Users\henry\Documents\GitHub\ModelingAndAnalysisOfUncertainty\source\Modeling and Analysis of UncertaintyDoc.cpp(7345,5): error C2065: 'cout': undeclared identifier
  (compiling source file '/Modeling%20and%20Analysis%20of%20UncertaintyDoc.cpp')
  
C:\Users\henry\Documents\GitHub\ModelingAndAnalysisOfUncertainty\source\Modeling and Analysis of UncertaintyDoc.cpp(7345,82): error C2065: 'endl': undeclared identifier
  (compiling source file '/Modeling%20and%20Analysis%20of%20UncertaintyDoc.cpp')
  
C:\Users\henry\Documents\GitHub\ModelingAndAnalysisOfUncertainty\source\Modeling and Analysis of UncertaintyDoc.cpp(7356,3): error C2065: 'cout': undeclared identifier
  (compiling source file '/Modeling%20and%20Analysis%20of%20UncertaintyDoc.cpp')
  
C:\Users\henry\Documents\GitHub\ModelingAndAnalysisOfUncertainty\source\Modeling and Analysis of UncertaintyDoc.cpp(7358,4): error C2065: 'cout': undeclared identifier
  (compiling source file '/Modeling%20and%20Analysis%20of%20UncertaintyDoc.cpp')
  
C:\Users\henry\Documents\GitHub\ModelingAndAnalysisOfUncertainty\source\Modeling and Analysis of UncertaintyDoc.cpp(7360,3): error C2065: 'cout': undeclared identifier
  (compiling source file '/Modeling%20and%20Analysis%20of%20UncertaintyDoc.cpp')
  
C:\Users\henry\Documents\GitHub\ModelingAndAnalysisOfUncertainty\source\Modeling and Analysis of UncertaintyDoc.cpp(7360,11): error C2065: 'endl': undeclared identifier
  (compiling source file '/Modeling%20and%20Analysis%20of%20UncertaintyDoc.cpp')
  
C:\Users\henry\Documents\GitHub\ModelingAndAnalysisOfUncertainty\source\Modeling and Analysis of UncertaintyDoc.cpp(7405,111): warning C4305: 'argument': truncation from 'double' to 'float'
  (compiling source file '/Modeling%20and%20Analysis%20of%20UncertaintyDoc.cpp')
  
C:\Users\henry\Documents\GitHub\ModelingAndAnalysisOfUncertainty\source\Modeling and Analysis of UncertaintyDoc.cpp(7449,14): warning C4267: 'initializing': conversion from 'size_t' to 'int', possible loss of data
  (compiling source file '/Modeling%20and%20Analysis%20of%20UncertaintyDoc.cpp')
  
C:\Users\henry\Documents\GitHub\ModelingAndAnalysisOfUncertainty\source\Modeling and Analysis of UncertaintyDoc.cpp(7450,14): warning C4267: 'initializing': conversion from 'size_t' to 'int', possible loss of data
  (compiling source file '/Modeling%20and%20Analysis%20of%20UncertaintyDoc.cpp')
  
C:\Users\henry\Documents\GitHub\ModelingAndAnalysisOfUncertainty\source\Modeling and Analysis of UncertaintyDoc.cpp(7463,14): warning C4267: 'initializing': conversion from 'size_t' to 'int', possible loss of data
  (compiling source file '/Modeling%20and%20Analysis%20of%20UncertaintyDoc.cpp')
  
C:\Users\henry\Documents\GitHub\ModelingAndAnalysisOfUncertainty\source\Modeling and Analysis of UncertaintyDoc.cpp(7464,14): warning C4267: 'initializing': conversion from 'size_t' to 'int', possible loss of data
  (compiling source file '/Modeling%20and%20Analysis%20of%20UncertaintyDoc.cpp')
  
C:\Users\henry\Documents\GitHub\ModelingAndAnalysisOfUncertainty\source\Modeling and Analysis of UncertaintyDoc.cpp(7478,14): warning C4267: 'initializing': conversion from 'size_t' to 'int', possible loss of data
  (compiling source file '/Modeling%20and%20Analysis%20of%20UncertaintyDoc.cpp')
  
C:\Users\henry\Documents\GitHub\ModelingAndAnalysisOfUncertainty\source\Modeling and Analysis of UncertaintyDoc.cpp(7479,14): warning C4267: 'initializing': conversion from 'size_t' to 'int', possible loss of data
  (compiling source file '/Modeling%20and%20Analysis%20of%20UncertaintyDoc.cpp')
  
C:\Users\henry\Documents\GitHub\ModelingAndAnalysisOfUncertainty\source\Modeling and Analysis of UncertaintyDoc.cpp(7507,14): warning C4267: 'initializing': conversion from 'size_t' to 'int', possible loss of data
  (compiling source file '/Modeling%20and%20Analysis%20of%20UncertaintyDoc.cpp')
  
C:\Users\henry\Documents\GitHub\ModelingAndAnalysisOfUncertainty\source\Modeling and Analysis of UncertaintyDoc.cpp(7508,14): warning C4267: 'initializing': conversion from 'size_t' to 'int', possible loss of data
  (compiling source file '/Modeling%20and%20Analysis%20of%20UncertaintyDoc.cpp')
  
C:\Users\henry\Documents\GitHub\ModelingAndAnalysisOfUncertainty\source\Modeling and Analysis of UncertaintyDoc.cpp(7586,8): warning C4267: 'initializing': conversion from 'size_t' to 'int', possible loss of data
  (compiling source file '/Modeling%20and%20Analysis%20of%20UncertaintyDoc.cpp')
  
C:\Users\henry\Documents\GitHub\ModelingAndAnalysisOfUncertainty\source\Modeling and Analysis of UncertaintyDoc.cpp(7762,8): warning C4244: 'argument': conversion from '_Ty' to 'const unsigned __int64', possible loss of data
C:\Users\henry\Documents\GitHub\ModelingAndAnalysisOfUncertainty\source\Modeling and Analysis of UncertaintyDoc.cpp(7762,8): warning C4244:         with
C:\Users\henry\Documents\GitHub\ModelingAndAnalysisOfUncertainty\source\Modeling and Analysis of UncertaintyDoc.cpp(7762,8): warning C4244:         [
C:\Users\henry\Documents\GitHub\ModelingAndAnalysisOfUncertainty\source\Modeling and Analysis of UncertaintyDoc.cpp(7762,8): warning C4244:             _Ty=double
C:\Users\henry\Documents\GitHub\ModelingAndAnalysisOfUncertainty\source\Modeling and Analysis of UncertaintyDoc.cpp(7762,8): warning C4244:         ]
  (compiling source file '/Modeling%20and%20Analysis%20of%20UncertaintyDoc.cpp')
  
C:\Users\henry\Documents\GitHub\ModelingAndAnalysisOfUncertainty\source\Modeling and Analysis of UncertaintyDoc.cpp(7969,14): warning C4858: discarding return value: This member function returns a bool indicating whether the container is empty and has no other effects. It is not useful to call this member function and discard the return value. Use the 'clear()' member function if you want to erase all elements.
  (compiling source file '/Modeling%20and%20Analysis%20of%20UncertaintyDoc.cpp')
  
C:\Users\henry\Documents\GitHub\ModelingAndAnalysisOfUncertainty\source\Modeling and Analysis of UncertaintyDoc.cpp(7972,14): warning C4858: discarding return value: This member function returns a bool indicating whether the container is empty and has no other effects. It is not useful to call this member function and discard the return value. Use the 'clear()' member function if you want to erase all elements.
  (compiling source file '/Modeling%20and%20Analysis%20of%20UncertaintyDoc.cpp')
  
C:\Users\henry\Documents\GitHub\ModelingAndAnalysisOfUncertainty\source\Modeling and Analysis of UncertaintyDoc.cpp(8031,8): warning C4267: 'initializing': conversion from 'size_t' to 'int', possible loss of data
  (compiling source file '/Modeling%20and%20Analysis%20of%20UncertaintyDoc.cpp')
  
C:\Users\henry\Documents\GitHub\ModelingAndAnalysisOfUncertainty\source\Modeling and Analysis of UncertaintyDoc.cpp(8139,8): warning C4244: 'argument': conversion from '_Ty' to 'const unsigned __int64', possible loss of data
C:\Users\henry\Documents\GitHub\ModelingAndAnalysisOfUncertainty\source\Modeling and Analysis of UncertaintyDoc.cpp(8139,8): warning C4244:         with
C:\Users\henry\Documents\GitHub\ModelingAndAnalysisOfUncertainty\source\Modeling and Analysis of UncertaintyDoc.cpp(8139,8): warning C4244:         [
C:\Users\henry\Documents\GitHub\ModelingAndAnalysisOfUncertainty\source\Modeling and Analysis of UncertaintyDoc.cpp(8139,8): warning C4244:             _Ty=double
C:\Users\henry\Documents\GitHub\ModelingAndAnalysisOfUncertainty\source\Modeling and Analysis of UncertaintyDoc.cpp(8139,8): warning C4244:         ]
  (compiling source file '/Modeling%20and%20Analysis%20of%20UncertaintyDoc.cpp')
  
C:\Users\henry\Documents\GitHub\ModelingAndAnalysisOfUncertainty\source\Modeling and Analysis of UncertaintyDoc.cpp(8252,17): warning C4858: discarding return value: This member function returns a bool indicating whether the container is empty and has no other effects. It is not useful to call this member function and discard the return value. Use the 'clear()' member function if you want to erase all elements.
  (compiling source file '/Modeling%20and%20Analysis%20of%20UncertaintyDoc.cpp')
  
C:\Users\henry\Documents\GitHub\ModelingAndAnalysisOfUncertainty\source\Modeling and Analysis of UncertaintyDoc.cpp(8264,62): warning C4244: 'argument': conversion from 'const double' to 'const int', possible loss of data
  (compiling source file '/Modeling%20and%20Analysis%20of%20UncertaintyDoc.cpp')
  
C:\Users\henry\Documents\GitHub\ModelingAndAnalysisOfUncertainty\source\Modeling and Analysis of UncertaintyDoc.cpp(8344,8): warning C4267: 'initializing': conversion from 'size_t' to 'int', possible loss of data
  (compiling source file '/Modeling%20and%20Analysis%20of%20UncertaintyDoc.cpp')
  
C:\Users\henry\Documents\GitHub\ModelingAndAnalysisOfUncertainty\source\Modeling and Analysis of UncertaintyDoc.cpp(8345,8): warning C4267: 'initializing': conversion from 'size_t' to 'int', possible loss of data
  (compiling source file '/Modeling%20and%20Analysis%20of%20UncertaintyDoc.cpp')
  
C:\Users\henry\Documents\GitHub\ModelingAndAnalysisOfUncertainty\source\Modeling and Analysis of UncertaintyDoc.cpp(8374,12): warning C4267: 'initializing': conversion from 'size_t' to 'int', possible loss of data
  (compiling source file '/Modeling%20and%20Analysis%20of%20UncertaintyDoc.cpp')
  
C:\Users\henry\Documents\GitHub\ModelingAndAnalysisOfUncertainty\source\Modeling and Analysis of UncertaintyDoc.cpp(8538,8): warning C4267: 'initializing': conversion from 'size_t' to 'int', possible loss of data
  (compiling source file '/Modeling%20and%20Analysis%20of%20UncertaintyDoc.cpp')
  
C:\Users\henry\Documents\GitHub\ModelingAndAnalysisOfUncertainty\source\Modeling and Analysis of UncertaintyDoc.cpp(8539,8): warning C4267: 'initializing': conversion from 'size_t' to 'int', possible loss of data
  (compiling source file '/Modeling%20and%20Analysis%20of%20UncertaintyDoc.cpp')
  
