j:\codes\rpi\ra\modelingandanalysisofuncertainty\source\modeling.64b15f35\x64\debug\modeling and analysis of uncertainty.pch
j:\codes\rpi\ra\modelingandanalysisofuncertainty\source\modeling.64b15f35\x64\debug\vc143.pdb
j:\codes\rpi\ra\modelingandanalysisofuncertainty\source\modeling.64b15f35\x64\debug\vc143.idb
j:\codes\rpi\ra\modelingandanalysisofuncertainty\source\modeling.64b15f35\x64\debug\pch.obj
j:\codes\rpi\ra\modelingandanalysisofuncertainty\source\modeling.64b15f35\x64\debug\probabilitydistributions.obj
j:\codes\rpi\ra\modelingandanalysisofuncertainty\source\modeling.64b15f35\x64\debug\newann.obj
j:\codes\rpi\ra\modelingandanalysisofuncertainty\source\modeling.64b15f35\x64\debug\modeling and analysis of uncertaintyview.obj
j:\codes\rpi\ra\modelingandanalysisofuncertainty\source\modeling.64b15f35\x64\debug\modeling and analysis of uncertaintydoc.obj
j:\codes\rpi\ra\modelingandanalysisofuncertainty\source\modeling.64b15f35\x64\debug\modeling and analysis of uncertainty.obj
j:\codes\rpi\ra\modelingandanalysisofuncertainty\source\modeling.64b15f35\x64\debug\mainfrm.obj
j:\codes\rpi\ra\modelingandanalysisofuncertainty\source\modeling.64b15f35\x64\debug\ctwosamplehypothesisselection.obj
j:\codes\rpi\ra\modelingandanalysisofuncertainty\source\modeling.64b15f35\x64\debug\cspecifyregressionmodel.obj
j:\codes\rpi\ra\modelingandanalysisofuncertainty\source\modeling.64b15f35\x64\debug\cspecifyfactoranalysis.obj
j:\codes\rpi\ra\modelingandanalysisofuncertainty\source\modeling.64b15f35\x64\debug\csettingsdescriptivestatistics.obj
j:\codes\rpi\ra\modelingandanalysisofuncertainty\source\modeling.64b15f35\x64\debug\cselectscatterdiagrams.obj
j:\codes\rpi\ra\modelingandanalysisofuncertainty\source\modeling.64b15f35\x64\debug\cselectnumberpcs.obj
j:\codes\rpi\ra\modelingandanalysisofuncertainty\source\modeling.64b15f35\x64\debug\conesamplehypothesisselection.obj
j:\codes\rpi\ra\modelingandanalysisofuncertainty\source\modeling.64b15f35\x64\debug\clinearclassificationdlg.obj
j:\codes\rpi\ra\modelingandanalysisofuncertainty\source\modeling.64b15f35\x64\debug\clcdialog.obj
j:\codes\rpi\ra\modelingandanalysisofuncertainty\source\modeling.64b15f35\x64\debug\cdisplaypcs.obj
j:\codes\rpi\ra\modelingandanalysisofuncertainty\source\modeling.64b15f35\x64\debug\cannform.obj
j:\codes\rpi\ra\modelingandanalysisofuncertainty\source\x64\debug\modeling and analysis of uncertainty.exe
j:\codes\rpi\ra\modelingandanalysisofuncertainty\source\x64\debug\modeling and analysis of uncertainty.pdb
j:\codes\rpi\ra\modelingandanalysisofuncertainty\source\modeling.64b15f35\x64\debug\modelingandanalysisofuncertainty.res
j:\codes\rpi\ra\modelingandanalysisofuncertainty\source\x64\debug\modeling and analysis of uncertainty.lib
j:\codes\rpi\ra\modelingandanalysisofuncertainty\source\x64\debug\modeling and analysis of uncertainty.exp
j:\codes\rpi\ra\modelingandanalysisofuncertainty\source\modeling.64b15f35\x64\debug\modeling and analysis of uncertainty.ilk
j:\codes\rpi\ra\modelingandanalysisofuncertainty\source\modeling.64b15f35\x64\debug\modeling.64b15f35.tlog\cl.command.1.tlog
j:\codes\rpi\ra\modelingandanalysisofuncertainty\source\modeling.64b15f35\x64\debug\modeling.64b15f35.tlog\cl.items.tlog
j:\codes\rpi\ra\modelingandanalysisofuncertainty\source\modeling.64b15f35\x64\debug\modeling.64b15f35.tlog\cl.read.1.tlog
j:\codes\rpi\ra\modelingandanalysisofuncertainty\source\modeling.64b15f35\x64\debug\modeling.64b15f35.tlog\cl.write.1.tlog
j:\codes\rpi\ra\modelingandanalysisofuncertainty\source\modeling.64b15f35\x64\debug\modeling.64b15f35.tlog\link.command.1.tlog
j:\codes\rpi\ra\modelingandanalysisofuncertainty\source\modeling.64b15f35\x64\debug\modeling.64b15f35.tlog\link.read.1.tlog
j:\codes\rpi\ra\modelingandanalysisofuncertainty\source\modeling.64b15f35\x64\debug\modeling.64b15f35.tlog\link.secondary.1.tlog
j:\codes\rpi\ra\modelingandanalysisofuncertainty\source\modeling.64b15f35\x64\debug\modeling.64b15f35.tlog\link.write.1.tlog
j:\codes\rpi\ra\modelingandanalysisofuncertainty\source\modeling.64b15f35\x64\debug\modeling.64b15f35.tlog\rc.command.1.tlog
j:\codes\rpi\ra\modelingandanalysisofuncertainty\source\modeling.64b15f35\x64\debug\modeling.64b15f35.tlog\rc.read.1.tlog
j:\codes\rpi\ra\modelingandanalysisofuncertainty\source\modeling.64b15f35\x64\debug\modeling.64b15f35.tlog\rc.write.1.tlog
