  pch.cpp
  CANNForm.cpp
  CDisplayPCs.cpp
  COneSampleHypothesisSelection.cpp
  CSelectNumberPCs.cpp
  CSelectScatterDiagrams.cpp
  CSettingsDescriptiveStatistics.cpp
  CSpecifyFactorAnalysis.cpp
  CSpecifyRegressionModel.cpp
  CTwoSampleHypothesisSelection.cpp
  MainFrm.cpp
  Modeling and Analysis of Uncertainty.cpp
  Modeling and Analysis of UncertaintyDoc.cpp
C:\Users\henry\Documents\GitHub\ModelingAndAnalysisOfUncertainty\source\Modeling and Analysis of UncertaintyDoc.cpp(2923,10): warning C4101: 'good1': unreferenced local variable
C:\Users\henry\Documents\GitHub\ModelingAndAnalysisOfUncertainty\source\Modeling and Analysis of UncertaintyDoc.cpp(2974,10): warning C4101: 'good2': unreferenced local variable
  Modeling and Analysis of UncertaintyView.cpp
C:\Users\henry\Documents\GitHub\ModelingAndAnalysisOfUncertainty\source\Modeling and Analysis of UncertaintyView.cpp(4548,32): warning C4244: '=': conversion from 'double' to 'LONG', possible loss of data
C:\Users\henry\Documents\GitHub\ModelingAndAnalysisOfUncertainty\source\Modeling and Analysis of UncertaintyView.cpp(4549,38): warning C4244: '=': conversion from 'double' to 'LONG', possible loss of data
C:\Users\henry\Documents\GitHub\ModelingAndAnalysisOfUncertainty\source\Modeling and Analysis of UncertaintyView.cpp(4551,42): warning C4244: '=': conversion from 'double' to 'LONG', possible loss of data
C:\Users\henry\Documents\GitHub\ModelingAndAnalysisOfUncertainty\source\Modeling and Analysis of UncertaintyView.cpp(4581,40): warning C4244: 'argument': conversion from 'double' to 'int', possible loss of data
C:\Users\henry\Documents\GitHub\ModelingAndAnalysisOfUncertainty\source\Modeling and Analysis of UncertaintyView.cpp(4581,89): warning C4244: 'argument': conversion from 'double' to 'int', possible loss of data
C:\Users\henry\Documents\GitHub\ModelingAndAnalysisOfUncertainty\source\Modeling and Analysis of UncertaintyView.cpp(4582,44): warning C4244: 'argument': conversion from 'double' to 'int', possible loss of data
C:\Users\henry\Documents\GitHub\ModelingAndAnalysisOfUncertainty\source\Modeling and Analysis of UncertaintyView.cpp(4582,97): warning C4244: 'argument': conversion from 'double' to 'int', possible loss of data
C:\Users\henry\Documents\GitHub\ModelingAndAnalysisOfUncertainty\source\Modeling and Analysis of UncertaintyView.cpp(4584,40): warning C4244: 'argument': conversion from 'double' to 'int', possible loss of data
C:\Users\henry\Documents\GitHub\ModelingAndAnalysisOfUncertainty\source\Modeling and Analysis of UncertaintyView.cpp(4584,100): warning C4244: 'argument': conversion from 'double' to 'int', possible loss of data
C:\Users\henry\Documents\GitHub\ModelingAndAnalysisOfUncertainty\source\Modeling and Analysis of UncertaintyView.cpp(4584,73): warning C4244: 'argument': conversion from 'double' to 'int', possible loss of data
C:\Users\henry\Documents\GitHub\ModelingAndAnalysisOfUncertainty\source\Modeling and Analysis of UncertaintyView.cpp(4585,44): warning C4244: 'argument': conversion from 'double' to 'int', possible loss of data
C:\Users\henry\Documents\GitHub\ModelingAndAnalysisOfUncertainty\source\Modeling and Analysis of UncertaintyView.cpp(4585,108): warning C4244: 'argument': conversion from 'double' to 'int', possible loss of data
C:\Users\henry\Documents\GitHub\ModelingAndAnalysisOfUncertainty\source\Modeling and Analysis of UncertaintyView.cpp(4585,81): warning C4244: 'argument': conversion from 'double' to 'int', possible loss of data
C:\Users\henry\Documents\GitHub\ModelingAndAnalysisOfUncertainty\source\Modeling and Analysis of UncertaintyView.cpp(4586,44): warning C4244: 'argument': conversion from 'double' to 'int', possible loss of data
C:\Users\henry\Documents\GitHub\ModelingAndAnalysisOfUncertainty\source\Modeling and Analysis of UncertaintyView.cpp(4586,108): warning C4244: 'argument': conversion from 'double' to 'int', possible loss of data
C:\Users\henry\Documents\GitHub\ModelingAndAnalysisOfUncertainty\source\Modeling and Analysis of UncertaintyView.cpp(4586,77): warning C4244: 'argument': conversion from 'double' to 'int', possible loss of data
C:\Users\henry\Documents\GitHub\ModelingAndAnalysisOfUncertainty\source\Modeling and Analysis of UncertaintyView.cpp(4587,48): warning C4244: 'argument': conversion from 'double' to 'int', possible loss of data
C:\Users\henry\Documents\GitHub\ModelingAndAnalysisOfUncertainty\source\Modeling and Analysis of UncertaintyView.cpp(4587,116): warning C4244: 'argument': conversion from 'double' to 'int', possible loss of data
C:\Users\henry\Documents\GitHub\ModelingAndAnalysisOfUncertainty\source\Modeling and Analysis of UncertaintyView.cpp(4587,85): warning C4244: 'argument': conversion from 'double' to 'int', possible loss of data
C:\Users\henry\Documents\GitHub\ModelingAndAnalysisOfUncertainty\source\Modeling and Analysis of UncertaintyView.cpp(4602,46): warning C4244: '=': conversion from 'double' to 'LONG', possible loss of data
C:\Users\henry\Documents\GitHub\ModelingAndAnalysisOfUncertainty\source\Modeling and Analysis of UncertaintyView.cpp(4617,23): warning C4244: 'initializing': conversion from 'double' to 'int', possible loss of data
C:\Users\henry\Documents\GitHub\ModelingAndAnalysisOfUncertainty\source\Modeling and Analysis of UncertaintyView.cpp(4628,23): warning C4244: 'initializing': conversion from 'double' to 'int', possible loss of data
C:\Users\henry\Documents\GitHub\ModelingAndAnalysisOfUncertainty\source\Modeling and Analysis of UncertaintyView.cpp(4639,23): warning C4244: 'initializing': conversion from 'double' to 'int', possible loss of data
C:\Users\henry\Documents\GitHub\ModelingAndAnalysisOfUncertainty\source\Modeling and Analysis of UncertaintyView.cpp(4665,40): warning C4244: 'argument': conversion from 'double' to 'int', possible loss of data
C:\Users\henry\Documents\GitHub\ModelingAndAnalysisOfUncertainty\source\Modeling and Analysis of UncertaintyView.cpp(4665,89): warning C4244: 'argument': conversion from 'double' to 'int', possible loss of data
C:\Users\henry\Documents\GitHub\ModelingAndAnalysisOfUncertainty\source\Modeling and Analysis of UncertaintyView.cpp(4666,44): warning C4244: 'argument': conversion from 'double' to 'int', possible loss of data
C:\Users\henry\Documents\GitHub\ModelingAndAnalysisOfUncertainty\source\Modeling and Analysis of UncertaintyView.cpp(4666,97): warning C4244: 'argument': conversion from 'double' to 'int', possible loss of data
C:\Users\henry\Documents\GitHub\ModelingAndAnalysisOfUncertainty\source\Modeling and Analysis of UncertaintyView.cpp(4668,40): warning C4244: 'argument': conversion from 'double' to 'int', possible loss of data
C:\Users\henry\Documents\GitHub\ModelingAndAnalysisOfUncertainty\source\Modeling and Analysis of UncertaintyView.cpp(4668,100): warning C4244: 'argument': conversion from 'double' to 'int', possible loss of data
C:\Users\henry\Documents\GitHub\ModelingAndAnalysisOfUncertainty\source\Modeling and Analysis of UncertaintyView.cpp(4668,73): warning C4244: 'argument': conversion from 'double' to 'int', possible loss of data
C:\Users\henry\Documents\GitHub\ModelingAndAnalysisOfUncertainty\source\Modeling and Analysis of UncertaintyView.cpp(4669,44): warning C4244: 'argument': conversion from 'double' to 'int', possible loss of data
C:\Users\henry\Documents\GitHub\ModelingAndAnalysisOfUncertainty\source\Modeling and Analysis of UncertaintyView.cpp(4669,108): warning C4244: 'argument': conversion from 'double' to 'int', possible loss of data
C:\Users\henry\Documents\GitHub\ModelingAndAnalysisOfUncertainty\source\Modeling and Analysis of UncertaintyView.cpp(4669,81): warning C4244: 'argument': conversion from 'double' to 'int', possible loss of data
C:\Users\henry\Documents\GitHub\ModelingAndAnalysisOfUncertainty\source\Modeling and Analysis of UncertaintyView.cpp(4670,44): warning C4244: 'argument': conversion from 'double' to 'int', possible loss of data
C:\Users\henry\Documents\GitHub\ModelingAndAnalysisOfUncertainty\source\Modeling and Analysis of UncertaintyView.cpp(4670,108): warning C4244: 'argument': conversion from 'double' to 'int', possible loss of data
C:\Users\henry\Documents\GitHub\ModelingAndAnalysisOfUncertainty\source\Modeling and Analysis of UncertaintyView.cpp(4670,77): warning C4244: 'argument': conversion from 'double' to 'int', possible loss of data
C:\Users\henry\Documents\GitHub\ModelingAndAnalysisOfUncertainty\source\Modeling and Analysis of UncertaintyView.cpp(4671,48): warning C4244: 'argument': conversion from 'double' to 'int', possible loss of data
C:\Users\henry\Documents\GitHub\ModelingAndAnalysisOfUncertainty\source\Modeling and Analysis of UncertaintyView.cpp(4671,116): warning C4244: 'argument': conversion from 'double' to 'int', possible loss of data
C:\Users\henry\Documents\GitHub\ModelingAndAnalysisOfUncertainty\source\Modeling and Analysis of UncertaintyView.cpp(4671,85): warning C4244: 'argument': conversion from 'double' to 'int', possible loss of data
C:\Users\henry\Documents\GitHub\ModelingAndAnalysisOfUncertainty\source\Modeling and Analysis of UncertaintyView.cpp(4686,46): warning C4244: '=': conversion from 'double' to 'LONG', possible loss of data
C:\Users\henry\Documents\GitHub\ModelingAndAnalysisOfUncertainty\source\Modeling and Analysis of UncertaintyView.cpp(4703,23): warning C4244: 'initializing': conversion from 'double' to 'int', possible loss of data
C:\Users\henry\Documents\GitHub\ModelingAndAnalysisOfUncertainty\source\Modeling and Analysis of UncertaintyView.cpp(4714,23): warning C4244: 'initializing': conversion from 'double' to 'int', possible loss of data
C:\Users\henry\Documents\GitHub\ModelingAndAnalysisOfUncertainty\source\Modeling and Analysis of UncertaintyView.cpp(4725,23): warning C4244: 'initializing': conversion from 'double' to 'int', possible loss of data
C:\Users\henry\Documents\GitHub\ModelingAndAnalysisOfUncertainty\source\Modeling and Analysis of UncertaintyView.cpp(4767,40): warning C4244: 'argument': conversion from 'double' to 'int', possible loss of data
C:\Users\henry\Documents\GitHub\ModelingAndAnalysisOfUncertainty\source\Modeling and Analysis of UncertaintyView.cpp(4767,89): warning C4244: 'argument': conversion from 'double' to 'int', possible loss of data
C:\Users\henry\Documents\GitHub\ModelingAndAnalysisOfUncertainty\source\Modeling and Analysis of UncertaintyView.cpp(4768,44): warning C4244: 'argument': conversion from 'double' to 'int', possible loss of data
C:\Users\henry\Documents\GitHub\ModelingAndAnalysisOfUncertainty\source\Modeling and Analysis of UncertaintyView.cpp(4768,97): warning C4244: 'argument': conversion from 'double' to 'int', possible loss of data
C:\Users\henry\Documents\GitHub\ModelingAndAnalysisOfUncertainty\source\Modeling and Analysis of UncertaintyView.cpp(4770,40): warning C4244: 'argument': conversion from 'double' to 'int', possible loss of data
C:\Users\henry\Documents\GitHub\ModelingAndAnalysisOfUncertainty\source\Modeling and Analysis of UncertaintyView.cpp(4770,100): warning C4244: 'argument': conversion from 'double' to 'int', possible loss of data
C:\Users\henry\Documents\GitHub\ModelingAndAnalysisOfUncertainty\source\Modeling and Analysis of UncertaintyView.cpp(4770,73): warning C4244: 'argument': conversion from 'double' to 'int', possible loss of data
C:\Users\henry\Documents\GitHub\ModelingAndAnalysisOfUncertainty\source\Modeling and Analysis of UncertaintyView.cpp(4771,44): warning C4244: 'argument': conversion from 'double' to 'int', possible loss of data
C:\Users\henry\Documents\GitHub\ModelingAndAnalysisOfUncertainty\source\Modeling and Analysis of UncertaintyView.cpp(4771,108): warning C4244: 'argument': conversion from 'double' to 'int', possible loss of data
C:\Users\henry\Documents\GitHub\ModelingAndAnalysisOfUncertainty\source\Modeling and Analysis of UncertaintyView.cpp(4771,81): warning C4244: 'argument': conversion from 'double' to 'int', possible loss of data
C:\Users\henry\Documents\GitHub\ModelingAndAnalysisOfUncertainty\source\Modeling and Analysis of UncertaintyView.cpp(4772,44): warning C4244: 'argument': conversion from 'double' to 'int', possible loss of data
C:\Users\henry\Documents\GitHub\ModelingAndAnalysisOfUncertainty\source\Modeling and Analysis of UncertaintyView.cpp(4772,108): warning C4244: 'argument': conversion from 'double' to 'int', possible loss of data
C:\Users\henry\Documents\GitHub\ModelingAndAnalysisOfUncertainty\source\Modeling and Analysis of UncertaintyView.cpp(4772,77): warning C4244: 'argument': conversion from 'double' to 'int', possible loss of data
C:\Users\henry\Documents\GitHub\ModelingAndAnalysisOfUncertainty\source\Modeling and Analysis of UncertaintyView.cpp(4773,48): warning C4244: 'argument': conversion from 'double' to 'int', possible loss of data
C:\Users\henry\Documents\GitHub\ModelingAndAnalysisOfUncertainty\source\Modeling and Analysis of UncertaintyView.cpp(4773,116): warning C4244: 'argument': conversion from 'double' to 'int', possible loss of data
C:\Users\henry\Documents\GitHub\ModelingAndAnalysisOfUncertainty\source\Modeling and Analysis of UncertaintyView.cpp(4773,85): warning C4244: 'argument': conversion from 'double' to 'int', possible loss of data
C:\Users\henry\Documents\GitHub\ModelingAndAnalysisOfUncertainty\source\Modeling and Analysis of UncertaintyView.cpp(4789,46): warning C4244: '=': conversion from 'double' to 'LONG', possible loss of data
C:\Users\henry\Documents\GitHub\ModelingAndAnalysisOfUncertainty\source\Modeling and Analysis of UncertaintyView.cpp(4806,19): warning C4244: 'initializing': conversion from 'double' to 'int', possible loss of data
C:\Users\henry\Documents\GitHub\ModelingAndAnalysisOfUncertainty\source\Modeling and Analysis of UncertaintyView.cpp(4808,23): warning C4244: 'initializing': conversion from 'double' to 'int', possible loss of data
C:\Users\henry\Documents\GitHub\ModelingAndAnalysisOfUncertainty\source\Modeling and Analysis of UncertaintyView.cpp(4820,23): warning C4244: 'initializing': conversion from 'double' to 'int', possible loss of data
C:\Users\henry\Documents\GitHub\ModelingAndAnalysisOfUncertainty\source\Modeling and Analysis of UncertaintyView.cpp(4821,19): warning C4244: 'initializing': conversion from 'double' to 'int', possible loss of data
C:\Users\henry\Documents\GitHub\ModelingAndAnalysisOfUncertainty\source\Modeling and Analysis of UncertaintyView.cpp(4833,19): warning C4244: 'initializing': conversion from 'double' to 'int', possible loss of data
C:\Users\henry\Documents\GitHub\ModelingAndAnalysisOfUncertainty\source\Modeling and Analysis of UncertaintyView.cpp(4835,23): warning C4244: 'initializing': conversion from 'double' to 'int', possible loss of data
C:\Users\henry\Documents\GitHub\ModelingAndAnalysisOfUncertainty\source\Modeling and Analysis of UncertaintyView.cpp(4853,40): warning C4244: 'argument': conversion from 'double' to 'int', possible loss of data
C:\Users\henry\Documents\GitHub\ModelingAndAnalysisOfUncertainty\source\Modeling and Analysis of UncertaintyView.cpp(4853,89): warning C4244: 'argument': conversion from 'double' to 'int', possible loss of data
C:\Users\henry\Documents\GitHub\ModelingAndAnalysisOfUncertainty\source\Modeling and Analysis of UncertaintyView.cpp(4854,44): warning C4244: 'argument': conversion from 'double' to 'int', possible loss of data
C:\Users\henry\Documents\GitHub\ModelingAndAnalysisOfUncertainty\source\Modeling and Analysis of UncertaintyView.cpp(4854,97): warning C4244: 'argument': conversion from 'double' to 'int', possible loss of data
C:\Users\henry\Documents\GitHub\ModelingAndAnalysisOfUncertainty\source\Modeling and Analysis of UncertaintyView.cpp(4856,40): warning C4244: 'argument': conversion from 'double' to 'int', possible loss of data
C:\Users\henry\Documents\GitHub\ModelingAndAnalysisOfUncertainty\source\Modeling and Analysis of UncertaintyView.cpp(4856,100): warning C4244: 'argument': conversion from 'double' to 'int', possible loss of data
C:\Users\henry\Documents\GitHub\ModelingAndAnalysisOfUncertainty\source\Modeling and Analysis of UncertaintyView.cpp(4856,73): warning C4244: 'argument': conversion from 'double' to 'int', possible loss of data
C:\Users\henry\Documents\GitHub\ModelingAndAnalysisOfUncertainty\source\Modeling and Analysis of UncertaintyView.cpp(4857,44): warning C4244: 'argument': conversion from 'double' to 'int', possible loss of data
C:\Users\henry\Documents\GitHub\ModelingAndAnalysisOfUncertainty\source\Modeling and Analysis of UncertaintyView.cpp(4857,108): warning C4244: 'argument': conversion from 'double' to 'int', possible loss of data
C:\Users\henry\Documents\GitHub\ModelingAndAnalysisOfUncertainty\source\Modeling and Analysis of UncertaintyView.cpp(4857,81): warning C4244: 'argument': conversion from 'double' to 'int', possible loss of data
C:\Users\henry\Documents\GitHub\ModelingAndAnalysisOfUncertainty\source\Modeling and Analysis of UncertaintyView.cpp(4858,44): warning C4244: 'argument': conversion from 'double' to 'int', possible loss of data
C:\Users\henry\Documents\GitHub\ModelingAndAnalysisOfUncertainty\source\Modeling and Analysis of UncertaintyView.cpp(4858,108): warning C4244: 'argument': conversion from 'double' to 'int', possible loss of data
C:\Users\henry\Documents\GitHub\ModelingAndAnalysisOfUncertainty\source\Modeling and Analysis of UncertaintyView.cpp(4858,77): warning C4244: 'argument': conversion from 'double' to 'int', possible loss of data
C:\Users\henry\Documents\GitHub\ModelingAndAnalysisOfUncertainty\source\Modeling and Analysis of UncertaintyView.cpp(4859,48): warning C4244: 'argument': conversion from 'double' to 'int', possible loss of data
C:\Users\henry\Documents\GitHub\ModelingAndAnalysisOfUncertainty\source\Modeling and Analysis of UncertaintyView.cpp(4859,116): warning C4244: 'argument': conversion from 'double' to 'int', possible loss of data
C:\Users\henry\Documents\GitHub\ModelingAndAnalysisOfUncertainty\source\Modeling and Analysis of UncertaintyView.cpp(4859,85): warning C4244: 'argument': conversion from 'double' to 'int', possible loss of data
C:\Users\henry\Documents\GitHub\ModelingAndAnalysisOfUncertainty\source\Modeling and Analysis of UncertaintyView.cpp(4867,46): warning C4244: '=': conversion from 'double' to 'LONG', possible loss of data
C:\Users\henry\Documents\GitHub\ModelingAndAnalysisOfUncertainty\source\Modeling and Analysis of UncertaintyView.cpp(4906,19): warning C4244: 'initializing': conversion from 'double' to 'int', possible loss of data
C:\Users\henry\Documents\GitHub\ModelingAndAnalysisOfUncertainty\source\Modeling and Analysis of UncertaintyView.cpp(4908,23): warning C4244: 'initializing': conversion from 'double' to 'int', possible loss of data
C:\Users\henry\Documents\GitHub\ModelingAndAnalysisOfUncertainty\source\Modeling and Analysis of UncertaintyView.cpp(4920,23): warning C4244: 'initializing': conversion from 'double' to 'int', possible loss of data
C:\Users\henry\Documents\GitHub\ModelingAndAnalysisOfUncertainty\source\Modeling and Analysis of UncertaintyView.cpp(4921,19): warning C4244: 'initializing': conversion from 'double' to 'int', possible loss of data
C:\Users\henry\Documents\GitHub\ModelingAndAnalysisOfUncertainty\source\Modeling and Analysis of UncertaintyView.cpp(4933,19): warning C4244: 'initializing': conversion from 'double' to 'int', possible loss of data
C:\Users\henry\Documents\GitHub\ModelingAndAnalysisOfUncertainty\source\Modeling and Analysis of UncertaintyView.cpp(4935,23): warning C4244: 'initializing': conversion from 'double' to 'int', possible loss of data
C:\Users\henry\Documents\GitHub\ModelingAndAnalysisOfUncertainty\source\Modeling and Analysis of UncertaintyView.cpp(4980,32): warning C4244: '=': conversion from 'double' to 'LONG', possible loss of data
C:\Users\henry\Documents\GitHub\ModelingAndAnalysisOfUncertainty\source\Modeling and Analysis of UncertaintyView.cpp(5038,46): warning C4244: '=': conversion from 'double' to 'LONG', possible loss of data
C:\Users\henry\Documents\GitHub\ModelingAndAnalysisOfUncertainty\source\Modeling and Analysis of UncertaintyView.cpp(5091,22): warning C4244: '=': conversion from 'double' to 'LONG', possible loss of data
C:\Users\henry\Documents\GitHub\ModelingAndAnalysisOfUncertainty\source\Modeling and Analysis of UncertaintyView.cpp(5092,22): warning C4244: '=': conversion from 'double' to 'LONG', possible loss of data
C:\Users\henry\Documents\GitHub\ModelingAndAnalysisOfUncertainty\source\Modeling and Analysis of UncertaintyView.cpp(5098,19): warning C4244: 'initializing': conversion from 'double' to 'int', possible loss of data
C:\Users\henry\Documents\GitHub\ModelingAndAnalysisOfUncertainty\source\Modeling and Analysis of UncertaintyView.cpp(5157,22): warning C4244: '=': conversion from 'double' to 'LONG', possible loss of data
C:\Users\henry\Documents\GitHub\ModelingAndAnalysisOfUncertainty\source\Modeling and Analysis of UncertaintyView.cpp(5158,22): warning C4244: '=': conversion from 'double' to 'LONG', possible loss of data
C:\Users\henry\Documents\GitHub\ModelingAndAnalysisOfUncertainty\source\Modeling and Analysis of UncertaintyView.cpp(5164,19): warning C4244: 'initializing': conversion from 'double' to 'int', possible loss of data
C:\Users\henry\Documents\GitHub\ModelingAndAnalysisOfUncertainty\source\Modeling and Analysis of UncertaintyView.cpp(5204,23): warning C4244: 'initializing': conversion from 'double' to 'int', possible loss of data
C:\Users\henry\Documents\GitHub\ModelingAndAnalysisOfUncertainty\source\Modeling and Analysis of UncertaintyView.cpp(5216,23): warning C4244: 'initializing': conversion from 'double' to 'int', possible loss of data
C:\Users\henry\Documents\GitHub\ModelingAndAnalysisOfUncertainty\source\Modeling and Analysis of UncertaintyView.cpp(5227,23): warning C4244: 'initializing': conversion from 'double' to 'int', possible loss of data
C:\Users\henry\Documents\GitHub\ModelingAndAnalysisOfUncertainty\source\Modeling and Analysis of UncertaintyView.cpp(5275,46): warning C4244: '=': conversion from 'double' to 'LONG', possible loss of data
C:\Users\henry\Documents\GitHub\ModelingAndAnalysisOfUncertainty\source\Modeling and Analysis of UncertaintyView.cpp(5328,22): warning C4244: '=': conversion from 'double' to 'LONG', possible loss of data
C:\Users\henry\Documents\GitHub\ModelingAndAnalysisOfUncertainty\source\Modeling and Analysis of UncertaintyView.cpp(5329,22): warning C4244: '=': conversion from 'double' to 'LONG', possible loss of data
C:\Users\henry\Documents\GitHub\ModelingAndAnalysisOfUncertainty\source\Modeling and Analysis of UncertaintyView.cpp(5335,19): warning C4244: 'initializing': conversion from 'double' to 'int', possible loss of data
C:\Users\henry\Documents\GitHub\ModelingAndAnalysisOfUncertainty\source\Modeling and Analysis of UncertaintyView.cpp(5394,22): warning C4244: '=': conversion from 'double' to 'LONG', possible loss of data
C:\Users\henry\Documents\GitHub\ModelingAndAnalysisOfUncertainty\source\Modeling and Analysis of UncertaintyView.cpp(5395,22): warning C4244: '=': conversion from 'double' to 'LONG', possible loss of data
C:\Users\henry\Documents\GitHub\ModelingAndAnalysisOfUncertainty\source\Modeling and Analysis of UncertaintyView.cpp(5401,19): warning C4244: 'initializing': conversion from 'double' to 'int', possible loss of data
C:\Users\henry\Documents\GitHub\ModelingAndAnalysisOfUncertainty\source\Modeling and Analysis of UncertaintyView.cpp(5442,23): warning C4244: 'initializing': conversion from 'double' to 'int', possible loss of data
C:\Users\henry\Documents\GitHub\ModelingAndAnalysisOfUncertainty\source\Modeling and Analysis of UncertaintyView.cpp(5454,23): warning C4244: 'initializing': conversion from 'double' to 'int', possible loss of data
C:\Users\henry\Documents\GitHub\ModelingAndAnalysisOfUncertainty\source\Modeling and Analysis of UncertaintyView.cpp(5465,23): warning C4244: 'initializing': conversion from 'double' to 'int', possible loss of data
C:\Users\henry\Documents\GitHub\ModelingAndAnalysisOfUncertainty\source\Modeling and Analysis of UncertaintyView.cpp(5531,46): warning C4244: '=': conversion from 'double' to 'LONG', possible loss of data
C:\Users\henry\Documents\GitHub\ModelingAndAnalysisOfUncertainty\source\Modeling and Analysis of UncertaintyView.cpp(5585,22): warning C4244: '=': conversion from 'double' to 'LONG', possible loss of data
C:\Users\henry\Documents\GitHub\ModelingAndAnalysisOfUncertainty\source\Modeling and Analysis of UncertaintyView.cpp(5586,22): warning C4244: '=': conversion from 'double' to 'LONG', possible loss of data
C:\Users\henry\Documents\GitHub\ModelingAndAnalysisOfUncertainty\source\Modeling and Analysis of UncertaintyView.cpp(5592,19): warning C4244: 'initializing': conversion from 'double' to 'int', possible loss of data
C:\Users\henry\Documents\GitHub\ModelingAndAnalysisOfUncertainty\source\Modeling and Analysis of UncertaintyView.cpp(5651,22): warning C4244: '=': conversion from 'double' to 'LONG', possible loss of data
C:\Users\henry\Documents\GitHub\ModelingAndAnalysisOfUncertainty\source\Modeling and Analysis of UncertaintyView.cpp(5652,22): warning C4244: '=': conversion from 'double' to 'LONG', possible loss of data
C:\Users\henry\Documents\GitHub\ModelingAndAnalysisOfUncertainty\source\Modeling and Analysis of UncertaintyView.cpp(5658,19): warning C4244: 'initializing': conversion from 'double' to 'int', possible loss of data
C:\Users\henry\Documents\GitHub\ModelingAndAnalysisOfUncertainty\source\Modeling and Analysis of UncertaintyView.cpp(5697,19): warning C4244: 'initializing': conversion from 'double' to 'int', possible loss of data
C:\Users\henry\Documents\GitHub\ModelingAndAnalysisOfUncertainty\source\Modeling and Analysis of UncertaintyView.cpp(5699,23): warning C4244: 'initializing': conversion from 'double' to 'int', possible loss of data
C:\Users\henry\Documents\GitHub\ModelingAndAnalysisOfUncertainty\source\Modeling and Analysis of UncertaintyView.cpp(5711,23): warning C4244: 'initializing': conversion from 'double' to 'int', possible loss of data
C:\Users\henry\Documents\GitHub\ModelingAndAnalysisOfUncertainty\source\Modeling and Analysis of UncertaintyView.cpp(5712,19): warning C4244: 'initializing': conversion from 'double' to 'int', possible loss of data
C:\Users\henry\Documents\GitHub\ModelingAndAnalysisOfUncertainty\source\Modeling and Analysis of UncertaintyView.cpp(5724,19): warning C4244: 'initializing': conversion from 'double' to 'int', possible loss of data
C:\Users\henry\Documents\GitHub\ModelingAndAnalysisOfUncertainty\source\Modeling and Analysis of UncertaintyView.cpp(5726,23): warning C4244: 'initializing': conversion from 'double' to 'int', possible loss of data
C:\Users\henry\Documents\GitHub\ModelingAndAnalysisOfUncertainty\source\Modeling and Analysis of UncertaintyView.cpp(5776,46): warning C4244: '=': conversion from 'double' to 'LONG', possible loss of data
C:\Users\henry\Documents\GitHub\ModelingAndAnalysisOfUncertainty\source\Modeling and Analysis of UncertaintyView.cpp(5829,22): warning C4244: '=': conversion from 'double' to 'LONG', possible loss of data
C:\Users\henry\Documents\GitHub\ModelingAndAnalysisOfUncertainty\source\Modeling and Analysis of UncertaintyView.cpp(5830,22): warning C4244: '=': conversion from 'double' to 'LONG', possible loss of data
C:\Users\henry\Documents\GitHub\ModelingAndAnalysisOfUncertainty\source\Modeling and Analysis of UncertaintyView.cpp(5836,19): warning C4244: 'initializing': conversion from 'double' to 'int', possible loss of data
C:\Users\henry\Documents\GitHub\ModelingAndAnalysisOfUncertainty\source\Modeling and Analysis of UncertaintyView.cpp(5895,22): warning C4244: '=': conversion from 'double' to 'LONG', possible loss of data
C:\Users\henry\Documents\GitHub\ModelingAndAnalysisOfUncertainty\source\Modeling and Analysis of UncertaintyView.cpp(5896,22): warning C4244: '=': conversion from 'double' to 'LONG', possible loss of data
C:\Users\henry\Documents\GitHub\ModelingAndAnalysisOfUncertainty\source\Modeling and Analysis of UncertaintyView.cpp(5902,19): warning C4244: 'initializing': conversion from 'double' to 'int', possible loss of data
C:\Users\henry\Documents\GitHub\ModelingAndAnalysisOfUncertainty\source\Modeling and Analysis of UncertaintyView.cpp(5942,19): warning C4244: 'initializing': conversion from 'double' to 'int', possible loss of data
C:\Users\henry\Documents\GitHub\ModelingAndAnalysisOfUncertainty\source\Modeling and Analysis of UncertaintyView.cpp(5944,23): warning C4244: 'initializing': conversion from 'double' to 'int', possible loss of data
C:\Users\henry\Documents\GitHub\ModelingAndAnalysisOfUncertainty\source\Modeling and Analysis of UncertaintyView.cpp(5956,23): warning C4244: 'initializing': conversion from 'double' to 'int', possible loss of data
C:\Users\henry\Documents\GitHub\ModelingAndAnalysisOfUncertainty\source\Modeling and Analysis of UncertaintyView.cpp(5957,19): warning C4244: 'initializing': conversion from 'double' to 'int', possible loss of data
C:\Users\henry\Documents\GitHub\ModelingAndAnalysisOfUncertainty\source\Modeling and Analysis of UncertaintyView.cpp(5969,19): warning C4244: 'initializing': conversion from 'double' to 'int', possible loss of data
C:\Users\henry\Documents\GitHub\ModelingAndAnalysisOfUncertainty\source\Modeling and Analysis of UncertaintyView.cpp(5971,23): warning C4244: 'initializing': conversion from 'double' to 'int', possible loss of data
C:\Users\henry\Documents\GitHub\ModelingAndAnalysisOfUncertainty\source\Modeling and Analysis of UncertaintyView.cpp(6004,32): warning C4244: '=': conversion from 'double' to 'LONG', possible loss of data
C:\Users\henry\Documents\GitHub\ModelingAndAnalysisOfUncertainty\source\Modeling and Analysis of UncertaintyView.cpp(6005,38): warning C4244: '=': conversion from 'double' to 'LONG', possible loss of data
C:\Users\henry\Documents\GitHub\ModelingAndAnalysisOfUncertainty\source\Modeling and Analysis of UncertaintyView.cpp(6007,42): warning C4244: '=': conversion from 'double' to 'LONG', possible loss of data
C:\Users\henry\Documents\GitHub\ModelingAndAnalysisOfUncertainty\source\Modeling and Analysis of UncertaintyView.cpp(6041,44): warning C4244: 'argument': conversion from 'double' to 'int', possible loss of data
C:\Users\henry\Documents\GitHub\ModelingAndAnalysisOfUncertainty\source\Modeling and Analysis of UncertaintyView.cpp(6041,97): warning C4244: 'argument': conversion from 'double' to 'int', possible loss of data
C:\Users\henry\Documents\GitHub\ModelingAndAnalysisOfUncertainty\source\Modeling and Analysis of UncertaintyView.cpp(6044,44): warning C4244: 'argument': conversion from 'double' to 'int', possible loss of data
C:\Users\henry\Documents\GitHub\ModelingAndAnalysisOfUncertainty\source\Modeling and Analysis of UncertaintyView.cpp(6044,108): warning C4244: 'argument': conversion from 'double' to 'int', possible loss of data
C:\Users\henry\Documents\GitHub\ModelingAndAnalysisOfUncertainty\source\Modeling and Analysis of UncertaintyView.cpp(6044,81): warning C4244: 'argument': conversion from 'double' to 'int', possible loss of data
C:\Users\henry\Documents\GitHub\ModelingAndAnalysisOfUncertainty\source\Modeling and Analysis of UncertaintyView.cpp(6046,48): warning C4244: 'argument': conversion from 'double' to 'int', possible loss of data
C:\Users\henry\Documents\GitHub\ModelingAndAnalysisOfUncertainty\source\Modeling and Analysis of UncertaintyView.cpp(6046,116): warning C4244: 'argument': conversion from 'double' to 'int', possible loss of data
C:\Users\henry\Documents\GitHub\ModelingAndAnalysisOfUncertainty\source\Modeling and Analysis of UncertaintyView.cpp(6046,85): warning C4244: 'argument': conversion from 'double' to 'int', possible loss of data
C:\Users\henry\Documents\GitHub\ModelingAndAnalysisOfUncertainty\source\Modeling and Analysis of UncertaintyView.cpp(6061,46): warning C4244: '=': conversion from 'double' to 'LONG', possible loss of data
C:\Users\henry\Documents\GitHub\ModelingAndAnalysisOfUncertainty\source\Modeling and Analysis of UncertaintyView.cpp(6081,23): warning C4244: 'initializing': conversion from 'double' to 'int', possible loss of data
C:\Users\henry\Documents\GitHub\ModelingAndAnalysisOfUncertainty\source\Modeling and Analysis of UncertaintyView.cpp(6100,23): warning C4244: 'initializing': conversion from 'double' to 'int', possible loss of data
C:\Users\henry\Documents\GitHub\ModelingAndAnalysisOfUncertainty\source\Modeling and Analysis of UncertaintyView.cpp(6119,23): warning C4244: 'initializing': conversion from 'double' to 'int', possible loss of data
C:\Users\henry\Documents\GitHub\ModelingAndAnalysisOfUncertainty\source\Modeling and Analysis of UncertaintyView.cpp(6149,44): warning C4244: 'argument': conversion from 'double' to 'int', possible loss of data
C:\Users\henry\Documents\GitHub\ModelingAndAnalysisOfUncertainty\source\Modeling and Analysis of UncertaintyView.cpp(6149,97): warning C4244: 'argument': conversion from 'double' to 'int', possible loss of data
C:\Users\henry\Documents\GitHub\ModelingAndAnalysisOfUncertainty\source\Modeling and Analysis of UncertaintyView.cpp(6152,44): warning C4244: 'argument': conversion from 'double' to 'int', possible loss of data
C:\Users\henry\Documents\GitHub\ModelingAndAnalysisOfUncertainty\source\Modeling and Analysis of UncertaintyView.cpp(6152,108): warning C4244: 'argument': conversion from 'double' to 'int', possible loss of data
C:\Users\henry\Documents\GitHub\ModelingAndAnalysisOfUncertainty\source\Modeling and Analysis of UncertaintyView.cpp(6152,81): warning C4244: 'argument': conversion from 'double' to 'int', possible loss of data
C:\Users\henry\Documents\GitHub\ModelingAndAnalysisOfUncertainty\source\Modeling and Analysis of UncertaintyView.cpp(6154,48): warning C4244: 'argument': conversion from 'double' to 'int', possible loss of data
C:\Users\henry\Documents\GitHub\ModelingAndAnalysisOfUncertainty\source\Modeling and Analysis of UncertaintyView.cpp(6154,116): warning C4244: 'argument': conversion from 'double' to 'int', possible loss of data
C:\Users\henry\Documents\GitHub\ModelingAndAnalysisOfUncertainty\source\Modeling and Analysis of UncertaintyView.cpp(6154,85): warning C4244: 'argument': conversion from 'double' to 'int', possible loss of data
C:\Users\henry\Documents\GitHub\ModelingAndAnalysisOfUncertainty\source\Modeling and Analysis of UncertaintyView.cpp(6169,46): warning C4244: '=': conversion from 'double' to 'LONG', possible loss of data
C:\Users\henry\Documents\GitHub\ModelingAndAnalysisOfUncertainty\source\Modeling and Analysis of UncertaintyView.cpp(6194,23): warning C4244: 'initializing': conversion from 'double' to 'int', possible loss of data
C:\Users\henry\Documents\GitHub\ModelingAndAnalysisOfUncertainty\source\Modeling and Analysis of UncertaintyView.cpp(6206,23): warning C4244: 'initializing': conversion from 'double' to 'int', possible loss of data
C:\Users\henry\Documents\GitHub\ModelingAndAnalysisOfUncertainty\source\Modeling and Analysis of UncertaintyView.cpp(6228,23): warning C4244: 'initializing': conversion from 'double' to 'int', possible loss of data
C:\Users\henry\Documents\GitHub\ModelingAndAnalysisOfUncertainty\source\Modeling and Analysis of UncertaintyView.cpp(6281,44): warning C4244: 'argument': conversion from 'double' to 'int', possible loss of data
C:\Users\henry\Documents\GitHub\ModelingAndAnalysisOfUncertainty\source\Modeling and Analysis of UncertaintyView.cpp(6281,97): warning C4244: 'argument': conversion from 'double' to 'int', possible loss of data
C:\Users\henry\Documents\GitHub\ModelingAndAnalysisOfUncertainty\source\Modeling and Analysis of UncertaintyView.cpp(6284,44): warning C4244: 'argument': conversion from 'double' to 'int', possible loss of data
C:\Users\henry\Documents\GitHub\ModelingAndAnalysisOfUncertainty\source\Modeling and Analysis of UncertaintyView.cpp(6284,108): warning C4244: 'argument': conversion from 'double' to 'int', possible loss of data
C:\Users\henry\Documents\GitHub\ModelingAndAnalysisOfUncertainty\source\Modeling and Analysis of UncertaintyView.cpp(6284,81): warning C4244: 'argument': conversion from 'double' to 'int', possible loss of data
C:\Users\henry\Documents\GitHub\ModelingAndAnalysisOfUncertainty\source\Modeling and Analysis of UncertaintyView.cpp(6286,48): warning C4244: 'argument': conversion from 'double' to 'int', possible loss of data
C:\Users\henry\Documents\GitHub\ModelingAndAnalysisOfUncertainty\source\Modeling and Analysis of UncertaintyView.cpp(6286,116): warning C4244: 'argument': conversion from 'double' to 'int', possible loss of data
C:\Users\henry\Documents\GitHub\ModelingAndAnalysisOfUncertainty\source\Modeling and Analysis of UncertaintyView.cpp(6286,85): warning C4244: 'argument': conversion from 'double' to 'int', possible loss of data
C:\Users\henry\Documents\GitHub\ModelingAndAnalysisOfUncertainty\source\Modeling and Analysis of UncertaintyView.cpp(6301,46): warning C4244: '=': conversion from 'double' to 'LONG', possible loss of data
C:\Users\henry\Documents\GitHub\ModelingAndAnalysisOfUncertainty\source\Modeling and Analysis of UncertaintyView.cpp(6318,19): warning C4244: 'initializing': conversion from 'double' to 'int', possible loss of data
C:\Users\henry\Documents\GitHub\ModelingAndAnalysisOfUncertainty\source\Modeling and Analysis of UncertaintyView.cpp(6320,23): warning C4244: 'initializing': conversion from 'double' to 'int', possible loss of data
C:\Users\henry\Documents\GitHub\ModelingAndAnalysisOfUncertainty\source\Modeling and Analysis of UncertaintyView.cpp(6342,23): warning C4244: 'initializing': conversion from 'double' to 'int', possible loss of data
C:\Users\henry\Documents\GitHub\ModelingAndAnalysisOfUncertainty\source\Modeling and Analysis of UncertaintyView.cpp(6343,19): warning C4244: 'initializing': conversion from 'double' to 'int', possible loss of data
C:\Users\henry\Documents\GitHub\ModelingAndAnalysisOfUncertainty\source\Modeling and Analysis of UncertaintyView.cpp(6365,19): warning C4244: 'initializing': conversion from 'double' to 'int', possible loss of data
C:\Users\henry\Documents\GitHub\ModelingAndAnalysisOfUncertainty\source\Modeling and Analysis of UncertaintyView.cpp(6367,23): warning C4244: 'initializing': conversion from 'double' to 'int', possible loss of data
C:\Users\henry\Documents\GitHub\ModelingAndAnalysisOfUncertainty\source\Modeling and Analysis of UncertaintyView.cpp(6395,44): warning C4244: 'argument': conversion from 'double' to 'int', possible loss of data
C:\Users\henry\Documents\GitHub\ModelingAndAnalysisOfUncertainty\source\Modeling and Analysis of UncertaintyView.cpp(6395,97): warning C4244: 'argument': conversion from 'double' to 'int', possible loss of data
C:\Users\henry\Documents\GitHub\ModelingAndAnalysisOfUncertainty\source\Modeling and Analysis of UncertaintyView.cpp(6398,44): warning C4244: 'argument': conversion from 'double' to 'int', possible loss of data
C:\Users\henry\Documents\GitHub\ModelingAndAnalysisOfUncertainty\source\Modeling and Analysis of UncertaintyView.cpp(6398,108): warning C4244: 'argument': conversion from 'double' to 'int', possible loss of data
C:\Users\henry\Documents\GitHub\ModelingAndAnalysisOfUncertainty\source\Modeling and Analysis of UncertaintyView.cpp(6398,81): warning C4244: 'argument': conversion from 'double' to 'int', possible loss of data
C:\Users\henry\Documents\GitHub\ModelingAndAnalysisOfUncertainty\source\Modeling and Analysis of UncertaintyView.cpp(6400,48): warning C4244: 'argument': conversion from 'double' to 'int', possible loss of data
C:\Users\henry\Documents\GitHub\ModelingAndAnalysisOfUncertainty\source\Modeling and Analysis of UncertaintyView.cpp(6400,116): warning C4244: 'argument': conversion from 'double' to 'int', possible loss of data
C:\Users\henry\Documents\GitHub\ModelingAndAnalysisOfUncertainty\source\Modeling and Analysis of UncertaintyView.cpp(6400,85): warning C4244: 'argument': conversion from 'double' to 'int', possible loss of data
C:\Users\henry\Documents\GitHub\ModelingAndAnalysisOfUncertainty\source\Modeling and Analysis of UncertaintyView.cpp(6408,46): warning C4244: '=': conversion from 'double' to 'LONG', possible loss of data
C:\Users\henry\Documents\GitHub\ModelingAndAnalysisOfUncertainty\source\Modeling and Analysis of UncertaintyView.cpp(6446,19): warning C4244: 'initializing': conversion from 'double' to 'int', possible loss of data
C:\Users\henry\Documents\GitHub\ModelingAndAnalysisOfUncertainty\source\Modeling and Analysis of UncertaintyView.cpp(6456,23): warning C4244: 'initializing': conversion from 'double' to 'int', possible loss of data
C:\Users\henry\Documents\GitHub\ModelingAndAnalysisOfUncertainty\source\Modeling and Analysis of UncertaintyView.cpp(6469,23): warning C4244: 'initializing': conversion from 'double' to 'int', possible loss of data
C:\Users\henry\Documents\GitHub\ModelingAndAnalysisOfUncertainty\source\Modeling and Analysis of UncertaintyView.cpp(6470,19): warning C4244: 'initializing': conversion from 'double' to 'int', possible loss of data
C:\Users\henry\Documents\GitHub\ModelingAndAnalysisOfUncertainty\source\Modeling and Analysis of UncertaintyView.cpp(6493,19): warning C4244: 'initializing': conversion from 'double' to 'int', possible loss of data
C:\Users\henry\Documents\GitHub\ModelingAndAnalysisOfUncertainty\source\Modeling and Analysis of UncertaintyView.cpp(6495,23): warning C4244: 'initializing': conversion from 'double' to 'int', possible loss of data
C:\Users\henry\Documents\GitHub\ModelingAndAnalysisOfUncertainty\source\Modeling and Analysis of UncertaintyView.cpp(6551,32): warning C4244: '=': conversion from 'double' to 'LONG', possible loss of data
C:\Users\henry\Documents\GitHub\ModelingAndAnalysisOfUncertainty\source\Modeling and Analysis of UncertaintyView.cpp(6609,46): warning C4244: '=': conversion from 'double' to 'LONG', possible loss of data
C:\Users\henry\Documents\GitHub\ModelingAndAnalysisOfUncertainty\source\Modeling and Analysis of UncertaintyView.cpp(6662,22): warning C4244: '=': conversion from 'double' to 'LONG', possible loss of data
C:\Users\henry\Documents\GitHub\ModelingAndAnalysisOfUncertainty\source\Modeling and Analysis of UncertaintyView.cpp(6663,22): warning C4244: '=': conversion from 'double' to 'LONG', possible loss of data
C:\Users\henry\Documents\GitHub\ModelingAndAnalysisOfUncertainty\source\Modeling and Analysis of UncertaintyView.cpp(6669,19): warning C4244: 'initializing': conversion from 'double' to 'int', possible loss of data
C:\Users\henry\Documents\GitHub\ModelingAndAnalysisOfUncertainty\source\Modeling and Analysis of UncertaintyView.cpp(6728,22): warning C4244: '=': conversion from 'double' to 'LONG', possible loss of data
C:\Users\henry\Documents\GitHub\ModelingAndAnalysisOfUncertainty\source\Modeling and Analysis of UncertaintyView.cpp(6729,22): warning C4244: '=': conversion from 'double' to 'LONG', possible loss of data
C:\Users\henry\Documents\GitHub\ModelingAndAnalysisOfUncertainty\source\Modeling and Analysis of UncertaintyView.cpp(6735,19): warning C4244: 'initializing': conversion from 'double' to 'int', possible loss of data
C:\Users\henry\Documents\GitHub\ModelingAndAnalysisOfUncertainty\source\Modeling and Analysis of UncertaintyView.cpp(6776,23): warning C4244: 'initializing': conversion from 'double' to 'int', possible loss of data
C:\Users\henry\Documents\GitHub\ModelingAndAnalysisOfUncertainty\source\Modeling and Analysis of UncertaintyView.cpp(6788,23): warning C4244: 'initializing': conversion from 'double' to 'int', possible loss of data
C:\Users\henry\Documents\GitHub\ModelingAndAnalysisOfUncertainty\source\Modeling and Analysis of UncertaintyView.cpp(6799,23): warning C4244: 'initializing': conversion from 'double' to 'int', possible loss of data
C:\Users\henry\Documents\GitHub\ModelingAndAnalysisOfUncertainty\source\Modeling and Analysis of UncertaintyView.cpp(6848,46): warning C4244: '=': conversion from 'double' to 'LONG', possible loss of data
C:\Users\henry\Documents\GitHub\ModelingAndAnalysisOfUncertainty\source\Modeling and Analysis of UncertaintyView.cpp(6901,22): warning C4244: '=': conversion from 'double' to 'LONG', possible loss of data
C:\Users\henry\Documents\GitHub\ModelingAndAnalysisOfUncertainty\source\Modeling and Analysis of UncertaintyView.cpp(6902,22): warning C4244: '=': conversion from 'double' to 'LONG', possible loss of data
C:\Users\henry\Documents\GitHub\ModelingAndAnalysisOfUncertainty\source\Modeling and Analysis of UncertaintyView.cpp(6908,19): warning C4244: 'initializing': conversion from 'double' to 'int', possible loss of data
C:\Users\henry\Documents\GitHub\ModelingAndAnalysisOfUncertainty\source\Modeling and Analysis of UncertaintyView.cpp(6967,22): warning C4244: '=': conversion from 'double' to 'LONG', possible loss of data
C:\Users\henry\Documents\GitHub\ModelingAndAnalysisOfUncertainty\source\Modeling and Analysis of UncertaintyView.cpp(6968,22): warning C4244: '=': conversion from 'double' to 'LONG', possible loss of data
C:\Users\henry\Documents\GitHub\ModelingAndAnalysisOfUncertainty\source\Modeling and Analysis of UncertaintyView.cpp(6974,19): warning C4244: 'initializing': conversion from 'double' to 'int', possible loss of data
C:\Users\henry\Documents\GitHub\ModelingAndAnalysisOfUncertainty\source\Modeling and Analysis of UncertaintyView.cpp(7015,23): warning C4244: 'initializing': conversion from 'double' to 'int', possible loss of data
C:\Users\henry\Documents\GitHub\ModelingAndAnalysisOfUncertainty\source\Modeling and Analysis of UncertaintyView.cpp(7027,23): warning C4244: 'initializing': conversion from 'double' to 'int', possible loss of data
C:\Users\henry\Documents\GitHub\ModelingAndAnalysisOfUncertainty\source\Modeling and Analysis of UncertaintyView.cpp(7038,23): warning C4244: 'initializing': conversion from 'double' to 'int', possible loss of data
C:\Users\henry\Documents\GitHub\ModelingAndAnalysisOfUncertainty\source\Modeling and Analysis of UncertaintyView.cpp(7104,46): warning C4244: '=': conversion from 'double' to 'LONG', possible loss of data
C:\Users\henry\Documents\GitHub\ModelingAndAnalysisOfUncertainty\source\Modeling and Analysis of UncertaintyView.cpp(7158,22): warning C4244: '=': conversion from 'double' to 'LONG', possible loss of data
C:\Users\henry\Documents\GitHub\ModelingAndAnalysisOfUncertainty\source\Modeling and Analysis of UncertaintyView.cpp(7159,22): warning C4244: '=': conversion from 'double' to 'LONG', possible loss of data
C:\Users\henry\Documents\GitHub\ModelingAndAnalysisOfUncertainty\source\Modeling and Analysis of UncertaintyView.cpp(7165,19): warning C4244: 'initializing': conversion from 'double' to 'int', possible loss of data
C:\Users\henry\Documents\GitHub\ModelingAndAnalysisOfUncertainty\source\Modeling and Analysis of UncertaintyView.cpp(7224,22): warning C4244: '=': conversion from 'double' to 'LONG', possible loss of data
C:\Users\henry\Documents\GitHub\ModelingAndAnalysisOfUncertainty\source\Modeling and Analysis of UncertaintyView.cpp(7225,22): warning C4244: '=': conversion from 'double' to 'LONG', possible loss of data
C:\Users\henry\Documents\GitHub\ModelingAndAnalysisOfUncertainty\source\Modeling and Analysis of UncertaintyView.cpp(7231,19): warning C4244: 'initializing': conversion from 'double' to 'int', possible loss of data
C:\Users\henry\Documents\GitHub\ModelingAndAnalysisOfUncertainty\source\Modeling and Analysis of UncertaintyView.cpp(7270,19): warning C4244: 'initializing': conversion from 'double' to 'int', possible loss of data
C:\Users\henry\Documents\GitHub\ModelingAndAnalysisOfUncertainty\source\Modeling and Analysis of UncertaintyView.cpp(7272,23): warning C4244: 'initializing': conversion from 'double' to 'int', possible loss of data
C:\Users\henry\Documents\GitHub\ModelingAndAnalysisOfUncertainty\source\Modeling and Analysis of UncertaintyView.cpp(7284,23): warning C4244: 'initializing': conversion from 'double' to 'int', possible loss of data
C:\Users\henry\Documents\GitHub\ModelingAndAnalysisOfUncertainty\source\Modeling and Analysis of UncertaintyView.cpp(7285,19): warning C4244: 'initializing': conversion from 'double' to 'int', possible loss of data
C:\Users\henry\Documents\GitHub\ModelingAndAnalysisOfUncertainty\source\Modeling and Analysis of UncertaintyView.cpp(7297,19): warning C4244: 'initializing': conversion from 'double' to 'int', possible loss of data
C:\Users\henry\Documents\GitHub\ModelingAndAnalysisOfUncertainty\source\Modeling and Analysis of UncertaintyView.cpp(7299,23): warning C4244: 'initializing': conversion from 'double' to 'int', possible loss of data
C:\Users\henry\Documents\GitHub\ModelingAndAnalysisOfUncertainty\source\Modeling and Analysis of UncertaintyView.cpp(7349,46): warning C4244: '=': conversion from 'double' to 'LONG', possible loss of data
C:\Users\henry\Documents\GitHub\ModelingAndAnalysisOfUncertainty\source\Modeling and Analysis of UncertaintyView.cpp(7402,22): warning C4244: '=': conversion from 'double' to 'LONG', possible loss of data
C:\Users\henry\Documents\GitHub\ModelingAndAnalysisOfUncertainty\source\Modeling and Analysis of UncertaintyView.cpp(7403,22): warning C4244: '=': conversion from 'double' to 'LONG', possible loss of data
C:\Users\henry\Documents\GitHub\ModelingAndAnalysisOfUncertainty\source\Modeling and Analysis of UncertaintyView.cpp(7409,19): warning C4244: 'initializing': conversion from 'double' to 'int', possible loss of data
C:\Users\henry\Documents\GitHub\ModelingAndAnalysisOfUncertainty\source\Modeling and Analysis of UncertaintyView.cpp(7468,22): warning C4244: '=': conversion from 'double' to 'LONG', possible loss of data
C:\Users\henry\Documents\GitHub\ModelingAndAnalysisOfUncertainty\source\Modeling and Analysis of UncertaintyView.cpp(7469,22): warning C4244: '=': conversion from 'double' to 'LONG', possible loss of data
C:\Users\henry\Documents\GitHub\ModelingAndAnalysisOfUncertainty\source\Modeling and Analysis of UncertaintyView.cpp(7475,19): warning C4244: 'initializing': conversion from 'double' to 'int', possible loss of data
C:\Users\henry\Documents\GitHub\ModelingAndAnalysisOfUncertainty\source\Modeling and Analysis of UncertaintyView.cpp(7515,19): warning C4244: 'initializing': conversion from 'double' to 'int', possible loss of data
C:\Users\henry\Documents\GitHub\ModelingAndAnalysisOfUncertainty\source\Modeling and Analysis of UncertaintyView.cpp(7517,23): warning C4244: 'initializing': conversion from 'double' to 'int', possible loss of data
C:\Users\henry\Documents\GitHub\ModelingAndAnalysisOfUncertainty\source\Modeling and Analysis of UncertaintyView.cpp(7529,23): warning C4244: 'initializing': conversion from 'double' to 'int', possible loss of data
C:\Users\henry\Documents\GitHub\ModelingAndAnalysisOfUncertainty\source\Modeling and Analysis of UncertaintyView.cpp(7530,19): warning C4244: 'initializing': conversion from 'double' to 'int', possible loss of data
C:\Users\henry\Documents\GitHub\ModelingAndAnalysisOfUncertainty\source\Modeling and Analysis of UncertaintyView.cpp(7542,19): warning C4244: 'initializing': conversion from 'double' to 'int', possible loss of data
C:\Users\henry\Documents\GitHub\ModelingAndAnalysisOfUncertainty\source\Modeling and Analysis of UncertaintyView.cpp(7544,23): warning C4244: 'initializing': conversion from 'double' to 'int', possible loss of data
C:\Users\henry\Documents\GitHub\ModelingAndAnalysisOfUncertainty\source\Modeling and Analysis of UncertaintyView.cpp(7575,32): warning C4244: '=': conversion from 'double' to 'LONG', possible loss of data
C:\Users\henry\Documents\GitHub\ModelingAndAnalysisOfUncertainty\source\Modeling and Analysis of UncertaintyView.cpp(7576,38): warning C4244: '=': conversion from 'double' to 'LONG', possible loss of data
C:\Users\henry\Documents\GitHub\ModelingAndAnalysisOfUncertainty\source\Modeling and Analysis of UncertaintyView.cpp(7578,42): warning C4244: '=': conversion from 'double' to 'LONG', possible loss of data
C:\Users\henry\Documents\GitHub\ModelingAndAnalysisOfUncertainty\source\Modeling and Analysis of UncertaintyView.cpp(7611,40): warning C4244: 'argument': conversion from 'double' to 'int', possible loss of data
C:\Users\henry\Documents\GitHub\ModelingAndAnalysisOfUncertainty\source\Modeling and Analysis of UncertaintyView.cpp(7611,89): warning C4244: 'argument': conversion from 'double' to 'int', possible loss of data
C:\Users\henry\Documents\GitHub\ModelingAndAnalysisOfUncertainty\source\Modeling and Analysis of UncertaintyView.cpp(7612,40): warning C4244: 'argument': conversion from 'double' to 'int', possible loss of data
C:\Users\henry\Documents\GitHub\ModelingAndAnalysisOfUncertainty\source\Modeling and Analysis of UncertaintyView.cpp(7612,100): warning C4244: 'argument': conversion from 'double' to 'int', possible loss of data
C:\Users\henry\Documents\GitHub\ModelingAndAnalysisOfUncertainty\source\Modeling and Analysis of UncertaintyView.cpp(7612,73): warning C4244: 'argument': conversion from 'double' to 'int', possible loss of data
C:\Users\henry\Documents\GitHub\ModelingAndAnalysisOfUncertainty\source\Modeling and Analysis of UncertaintyView.cpp(7613,44): warning C4244: 'argument': conversion from 'double' to 'int', possible loss of data
C:\Users\henry\Documents\GitHub\ModelingAndAnalysisOfUncertainty\source\Modeling and Analysis of UncertaintyView.cpp(7613,108): warning C4244: 'argument': conversion from 'double' to 'int', possible loss of data
C:\Users\henry\Documents\GitHub\ModelingAndAnalysisOfUncertainty\source\Modeling and Analysis of UncertaintyView.cpp(7613,77): warning C4244: 'argument': conversion from 'double' to 'int', possible loss of data
C:\Users\henry\Documents\GitHub\ModelingAndAnalysisOfUncertainty\source\Modeling and Analysis of UncertaintyView.cpp(7627,46): warning C4244: '=': conversion from 'double' to 'LONG', possible loss of data
C:\Users\henry\Documents\GitHub\ModelingAndAnalysisOfUncertainty\source\Modeling and Analysis of UncertaintyView.cpp(7648,23): warning C4244: 'initializing': conversion from 'double' to 'int', possible loss of data
C:\Users\henry\Documents\GitHub\ModelingAndAnalysisOfUncertainty\source\Modeling and Analysis of UncertaintyView.cpp(7667,23): warning C4244: 'initializing': conversion from 'double' to 'int', possible loss of data
C:\Users\henry\Documents\GitHub\ModelingAndAnalysisOfUncertainty\source\Modeling and Analysis of UncertaintyView.cpp(7686,23): warning C4244: 'initializing': conversion from 'double' to 'int', possible loss of data
C:\Users\henry\Documents\GitHub\ModelingAndAnalysisOfUncertainty\source\Modeling and Analysis of UncertaintyView.cpp(7716,40): warning C4244: 'argument': conversion from 'double' to 'int', possible loss of data
C:\Users\henry\Documents\GitHub\ModelingAndAnalysisOfUncertainty\source\Modeling and Analysis of UncertaintyView.cpp(7716,89): warning C4244: 'argument': conversion from 'double' to 'int', possible loss of data
C:\Users\henry\Documents\GitHub\ModelingAndAnalysisOfUncertainty\source\Modeling and Analysis of UncertaintyView.cpp(7717,40): warning C4244: 'argument': conversion from 'double' to 'int', possible loss of data
C:\Users\henry\Documents\GitHub\ModelingAndAnalysisOfUncertainty\source\Modeling and Analysis of UncertaintyView.cpp(7717,100): warning C4244: 'argument': conversion from 'double' to 'int', possible loss of data
C:\Users\henry\Documents\GitHub\ModelingAndAnalysisOfUncertainty\source\Modeling and Analysis of UncertaintyView.cpp(7717,73): warning C4244: 'argument': conversion from 'double' to 'int', possible loss of data
C:\Users\henry\Documents\GitHub\ModelingAndAnalysisOfUncertainty\source\Modeling and Analysis of UncertaintyView.cpp(7718,44): warning C4244: 'argument': conversion from 'double' to 'int', possible loss of data
C:\Users\henry\Documents\GitHub\ModelingAndAnalysisOfUncertainty\source\Modeling and Analysis of UncertaintyView.cpp(7718,108): warning C4244: 'argument': conversion from 'double' to 'int', possible loss of data
C:\Users\henry\Documents\GitHub\ModelingAndAnalysisOfUncertainty\source\Modeling and Analysis of UncertaintyView.cpp(7718,77): warning C4244: 'argument': conversion from 'double' to 'int', possible loss of data
C:\Users\henry\Documents\GitHub\ModelingAndAnalysisOfUncertainty\source\Modeling and Analysis of UncertaintyView.cpp(7732,46): warning C4244: '=': conversion from 'double' to 'LONG', possible loss of data
C:\Users\henry\Documents\GitHub\ModelingAndAnalysisOfUncertainty\source\Modeling and Analysis of UncertaintyView.cpp(7757,23): warning C4244: 'initializing': conversion from 'double' to 'int', possible loss of data
C:\Users\henry\Documents\GitHub\ModelingAndAnalysisOfUncertainty\source\Modeling and Analysis of UncertaintyView.cpp(7769,23): warning C4244: 'initializing': conversion from 'double' to 'int', possible loss of data
C:\Users\henry\Documents\GitHub\ModelingAndAnalysisOfUncertainty\source\Modeling and Analysis of UncertaintyView.cpp(7791,23): warning C4244: 'initializing': conversion from 'double' to 'int', possible loss of data
C:\Users\henry\Documents\GitHub\ModelingAndAnalysisOfUncertainty\source\Modeling and Analysis of UncertaintyView.cpp(7844,40): warning C4244: 'argument': conversion from 'double' to 'int', possible loss of data
C:\Users\henry\Documents\GitHub\ModelingAndAnalysisOfUncertainty\source\Modeling and Analysis of UncertaintyView.cpp(7844,89): warning C4244: 'argument': conversion from 'double' to 'int', possible loss of data
C:\Users\henry\Documents\GitHub\ModelingAndAnalysisOfUncertainty\source\Modeling and Analysis of UncertaintyView.cpp(7845,40): warning C4244: 'argument': conversion from 'double' to 'int', possible loss of data
C:\Users\henry\Documents\GitHub\ModelingAndAnalysisOfUncertainty\source\Modeling and Analysis of UncertaintyView.cpp(7845,100): warning C4244: 'argument': conversion from 'double' to 'int', possible loss of data
C:\Users\henry\Documents\GitHub\ModelingAndAnalysisOfUncertainty\source\Modeling and Analysis of UncertaintyView.cpp(7845,73): warning C4244: 'argument': conversion from 'double' to 'int', possible loss of data
C:\Users\henry\Documents\GitHub\ModelingAndAnalysisOfUncertainty\source\Modeling and Analysis of UncertaintyView.cpp(7846,44): warning C4244: 'argument': conversion from 'double' to 'int', possible loss of data
C:\Users\henry\Documents\GitHub\ModelingAndAnalysisOfUncertainty\source\Modeling and Analysis of UncertaintyView.cpp(7846,108): warning C4244: 'argument': conversion from 'double' to 'int', possible loss of data
C:\Users\henry\Documents\GitHub\ModelingAndAnalysisOfUncertainty\source\Modeling and Analysis of UncertaintyView.cpp(7846,77): warning C4244: 'argument': conversion from 'double' to 'int', possible loss of data
C:\Users\henry\Documents\GitHub\ModelingAndAnalysisOfUncertainty\source\Modeling and Analysis of UncertaintyView.cpp(7860,46): warning C4244: '=': conversion from 'double' to 'LONG', possible loss of data
C:\Users\henry\Documents\GitHub\ModelingAndAnalysisOfUncertainty\source\Modeling and Analysis of UncertaintyView.cpp(7877,19): warning C4244: 'initializing': conversion from 'double' to 'int', possible loss of data
C:\Users\henry\Documents\GitHub\ModelingAndAnalysisOfUncertainty\source\Modeling and Analysis of UncertaintyView.cpp(7879,23): warning C4244: 'initializing': conversion from 'double' to 'int', possible loss of data
C:\Users\henry\Documents\GitHub\ModelingAndAnalysisOfUncertainty\source\Modeling and Analysis of UncertaintyView.cpp(7901,23): warning C4244: 'initializing': conversion from 'double' to 'int', possible loss of data
C:\Users\henry\Documents\GitHub\ModelingAndAnalysisOfUncertainty\source\Modeling and Analysis of UncertaintyView.cpp(7902,19): warning C4244: 'initializing': conversion from 'double' to 'int', possible loss of data
C:\Users\henry\Documents\GitHub\ModelingAndAnalysisOfUncertainty\source\Modeling and Analysis of UncertaintyView.cpp(7924,19): warning C4244: 'initializing': conversion from 'double' to 'int', possible loss of data
C:\Users\henry\Documents\GitHub\ModelingAndAnalysisOfUncertainty\source\Modeling and Analysis of UncertaintyView.cpp(7926,23): warning C4244: 'initializing': conversion from 'double' to 'int', possible loss of data
C:\Users\henry\Documents\GitHub\ModelingAndAnalysisOfUncertainty\source\Modeling and Analysis of UncertaintyView.cpp(7954,40): warning C4244: 'argument': conversion from 'double' to 'int', possible loss of data
C:\Users\henry\Documents\GitHub\ModelingAndAnalysisOfUncertainty\source\Modeling and Analysis of UncertaintyView.cpp(7954,89): warning C4244: 'argument': conversion from 'double' to 'int', possible loss of data
C:\Users\henry\Documents\GitHub\ModelingAndAnalysisOfUncertainty\source\Modeling and Analysis of UncertaintyView.cpp(7955,40): warning C4244: 'argument': conversion from 'double' to 'int', possible loss of data
C:\Users\henry\Documents\GitHub\ModelingAndAnalysisOfUncertainty\source\Modeling and Analysis of UncertaintyView.cpp(7955,100): warning C4244: 'argument': conversion from 'double' to 'int', possible loss of data
C:\Users\henry\Documents\GitHub\ModelingAndAnalysisOfUncertainty\source\Modeling and Analysis of UncertaintyView.cpp(7955,73): warning C4244: 'argument': conversion from 'double' to 'int', possible loss of data
C:\Users\henry\Documents\GitHub\ModelingAndAnalysisOfUncertainty\source\Modeling and Analysis of UncertaintyView.cpp(7956,44): warning C4244: 'argument': conversion from 'double' to 'int', possible loss of data
C:\Users\henry\Documents\GitHub\ModelingAndAnalysisOfUncertainty\source\Modeling and Analysis of UncertaintyView.cpp(7956,108): warning C4244: 'argument': conversion from 'double' to 'int', possible loss of data
C:\Users\henry\Documents\GitHub\ModelingAndAnalysisOfUncertainty\source\Modeling and Analysis of UncertaintyView.cpp(7956,77): warning C4244: 'argument': conversion from 'double' to 'int', possible loss of data
C:\Users\henry\Documents\GitHub\ModelingAndAnalysisOfUncertainty\source\Modeling and Analysis of UncertaintyView.cpp(7969,46): warning C4244: '=': conversion from 'double' to 'LONG', possible loss of data
C:\Users\henry\Documents\GitHub\ModelingAndAnalysisOfUncertainty\source\Modeling and Analysis of UncertaintyView.cpp(8003,19): warning C4244: 'initializing': conversion from 'double' to 'int', possible loss of data
C:\Users\henry\Documents\GitHub\ModelingAndAnalysisOfUncertainty\source\Modeling and Analysis of UncertaintyView.cpp(8013,23): warning C4244: 'initializing': conversion from 'double' to 'int', possible loss of data
C:\Users\henry\Documents\GitHub\ModelingAndAnalysisOfUncertainty\source\Modeling and Analysis of UncertaintyView.cpp(8026,23): warning C4244: 'initializing': conversion from 'double' to 'int', possible loss of data
C:\Users\henry\Documents\GitHub\ModelingAndAnalysisOfUncertainty\source\Modeling and Analysis of UncertaintyView.cpp(8027,19): warning C4244: 'initializing': conversion from 'double' to 'int', possible loss of data
C:\Users\henry\Documents\GitHub\ModelingAndAnalysisOfUncertainty\source\Modeling and Analysis of UncertaintyView.cpp(8050,19): warning C4244: 'initializing': conversion from 'double' to 'int', possible loss of data
C:\Users\henry\Documents\GitHub\ModelingAndAnalysisOfUncertainty\source\Modeling and Analysis of UncertaintyView.cpp(8052,23): warning C4244: 'initializing': conversion from 'double' to 'int', possible loss of data
C:\Users\henry\Documents\GitHub\ModelingAndAnalysisOfUncertainty\source\Modeling and Analysis of UncertaintyView.cpp(8109,32): warning C4244: '=': conversion from 'double' to 'LONG', possible loss of data
C:\Users\henry\Documents\GitHub\ModelingAndAnalysisOfUncertainty\source\Modeling and Analysis of UncertaintyView.cpp(8166,46): warning C4244: '=': conversion from 'double' to 'LONG', possible loss of data
C:\Users\henry\Documents\GitHub\ModelingAndAnalysisOfUncertainty\source\Modeling and Analysis of UncertaintyView.cpp(8219,22): warning C4244: '=': conversion from 'double' to 'LONG', possible loss of data
C:\Users\henry\Documents\GitHub\ModelingAndAnalysisOfUncertainty\source\Modeling and Analysis of UncertaintyView.cpp(8220,22): warning C4244: '=': conversion from 'double' to 'LONG', possible loss of data
C:\Users\henry\Documents\GitHub\ModelingAndAnalysisOfUncertainty\source\Modeling and Analysis of UncertaintyView.cpp(8226,19): warning C4244: 'initializing': conversion from 'double' to 'int', possible loss of data
C:\Users\henry\Documents\GitHub\ModelingAndAnalysisOfUncertainty\source\Modeling and Analysis of UncertaintyView.cpp(8285,22): warning C4244: '=': conversion from 'double' to 'LONG', possible loss of data
C:\Users\henry\Documents\GitHub\ModelingAndAnalysisOfUncertainty\source\Modeling and Analysis of UncertaintyView.cpp(8286,22): warning C4244: '=': conversion from 'double' to 'LONG', possible loss of data
C:\Users\henry\Documents\GitHub\ModelingAndAnalysisOfUncertainty\source\Modeling and Analysis of UncertaintyView.cpp(8292,19): warning C4244: 'initializing': conversion from 'double' to 'int', possible loss of data
C:\Users\henry\Documents\GitHub\ModelingAndAnalysisOfUncertainty\source\Modeling and Analysis of UncertaintyView.cpp(8332,23): warning C4244: 'initializing': conversion from 'double' to 'int', possible loss of data
C:\Users\henry\Documents\GitHub\ModelingAndAnalysisOfUncertainty\source\Modeling and Analysis of UncertaintyView.cpp(8344,23): warning C4244: 'initializing': conversion from 'double' to 'int', possible loss of data
C:\Users\henry\Documents\GitHub\ModelingAndAnalysisOfUncertainty\source\Modeling and Analysis of UncertaintyView.cpp(8355,23): warning C4244: 'initializing': conversion from 'double' to 'int', possible loss of data
C:\Users\henry\Documents\GitHub\ModelingAndAnalysisOfUncertainty\source\Modeling and Analysis of UncertaintyView.cpp(8403,46): warning C4244: '=': conversion from 'double' to 'LONG', possible loss of data
C:\Users\henry\Documents\GitHub\ModelingAndAnalysisOfUncertainty\source\Modeling and Analysis of UncertaintyView.cpp(8456,22): warning C4244: '=': conversion from 'double' to 'LONG', possible loss of data
C:\Users\henry\Documents\GitHub\ModelingAndAnalysisOfUncertainty\source\Modeling and Analysis of UncertaintyView.cpp(8457,22): warning C4244: '=': conversion from 'double' to 'LONG', possible loss of data
C:\Users\henry\Documents\GitHub\ModelingAndAnalysisOfUncertainty\source\Modeling and Analysis of UncertaintyView.cpp(8463,19): warning C4244: 'initializing': conversion from 'double' to 'int', possible loss of data
C:\Users\henry\Documents\GitHub\ModelingAndAnalysisOfUncertainty\source\Modeling and Analysis of UncertaintyView.cpp(8522,22): warning C4244: '=': conversion from 'double' to 'LONG', possible loss of data
C:\Users\henry\Documents\GitHub\ModelingAndAnalysisOfUncertainty\source\Modeling and Analysis of UncertaintyView.cpp(8523,22): warning C4244: '=': conversion from 'double' to 'LONG', possible loss of data
C:\Users\henry\Documents\GitHub\ModelingAndAnalysisOfUncertainty\source\Modeling and Analysis of UncertaintyView.cpp(8529,19): warning C4244: 'initializing': conversion from 'double' to 'int', possible loss of data
C:\Users\henry\Documents\GitHub\ModelingAndAnalysisOfUncertainty\source\Modeling and Analysis of UncertaintyView.cpp(8570,23): warning C4244: 'initializing': conversion from 'double' to 'int', possible loss of data
C:\Users\henry\Documents\GitHub\ModelingAndAnalysisOfUncertainty\source\Modeling and Analysis of UncertaintyView.cpp(8582,23): warning C4244: 'initializing': conversion from 'double' to 'int', possible loss of data
C:\Users\henry\Documents\GitHub\ModelingAndAnalysisOfUncertainty\source\Modeling and Analysis of UncertaintyView.cpp(8593,23): warning C4244: 'initializing': conversion from 'double' to 'int', possible loss of data
C:\Users\henry\Documents\GitHub\ModelingAndAnalysisOfUncertainty\source\Modeling and Analysis of UncertaintyView.cpp(8658,46): warning C4244: '=': conversion from 'double' to 'LONG', possible loss of data
C:\Users\henry\Documents\GitHub\ModelingAndAnalysisOfUncertainty\source\Modeling and Analysis of UncertaintyView.cpp(8712,22): warning C4244: '=': conversion from 'double' to 'LONG', possible loss of data
C:\Users\henry\Documents\GitHub\ModelingAndAnalysisOfUncertainty\source\Modeling and Analysis of UncertaintyView.cpp(8713,22): warning C4244: '=': conversion from 'double' to 'LONG', possible loss of data
C:\Users\henry\Documents\GitHub\ModelingAndAnalysisOfUncertainty\source\Modeling and Analysis of UncertaintyView.cpp(8719,19): warning C4244: 'initializing': conversion from 'double' to 'int', possible loss of data
C:\Users\henry\Documents\GitHub\ModelingAndAnalysisOfUncertainty\source\Modeling and Analysis of UncertaintyView.cpp(8778,22): warning C4244: '=': conversion from 'double' to 'LONG', possible loss of data
C:\Users\henry\Documents\GitHub\ModelingAndAnalysisOfUncertainty\source\Modeling and Analysis of UncertaintyView.cpp(8779,22): warning C4244: '=': conversion from 'double' to 'LONG', possible loss of data
C:\Users\henry\Documents\GitHub\ModelingAndAnalysisOfUncertainty\source\Modeling and Analysis of UncertaintyView.cpp(8785,19): warning C4244: 'initializing': conversion from 'double' to 'int', possible loss of data
C:\Users\henry\Documents\GitHub\ModelingAndAnalysisOfUncertainty\source\Modeling and Analysis of UncertaintyView.cpp(8824,19): warning C4244: 'initializing': conversion from 'double' to 'int', possible loss of data
C:\Users\henry\Documents\GitHub\ModelingAndAnalysisOfUncertainty\source\Modeling and Analysis of UncertaintyView.cpp(8826,23): warning C4244: 'initializing': conversion from 'double' to 'int', possible loss of data
C:\Users\henry\Documents\GitHub\ModelingAndAnalysisOfUncertainty\source\Modeling and Analysis of UncertaintyView.cpp(8838,23): warning C4244: 'initializing': conversion from 'double' to 'int', possible loss of data
C:\Users\henry\Documents\GitHub\ModelingAndAnalysisOfUncertainty\source\Modeling and Analysis of UncertaintyView.cpp(8839,19): warning C4244: 'initializing': conversion from 'double' to 'int', possible loss of data
C:\Users\henry\Documents\GitHub\ModelingAndAnalysisOfUncertainty\source\Modeling and Analysis of UncertaintyView.cpp(8851,19): warning C4244: 'initializing': conversion from 'double' to 'int', possible loss of data
C:\Users\henry\Documents\GitHub\ModelingAndAnalysisOfUncertainty\source\Modeling and Analysis of UncertaintyView.cpp(8853,23): warning C4244: 'initializing': conversion from 'double' to 'int', possible loss of data
C:\Users\henry\Documents\GitHub\ModelingAndAnalysisOfUncertainty\source\Modeling and Analysis of UncertaintyView.cpp(8903,46): warning C4244: '=': conversion from 'double' to 'LONG', possible loss of data
C:\Users\henry\Documents\GitHub\ModelingAndAnalysisOfUncertainty\source\Modeling and Analysis of UncertaintyView.cpp(8956,22): warning C4244: '=': conversion from 'double' to 'LONG', possible loss of data
C:\Users\henry\Documents\GitHub\ModelingAndAnalysisOfUncertainty\source\Modeling and Analysis of UncertaintyView.cpp(8957,22): warning C4244: '=': conversion from 'double' to 'LONG', possible loss of data
C:\Users\henry\Documents\GitHub\ModelingAndAnalysisOfUncertainty\source\Modeling and Analysis of UncertaintyView.cpp(8963,19): warning C4244: 'initializing': conversion from 'double' to 'int', possible loss of data
C:\Users\henry\Documents\GitHub\ModelingAndAnalysisOfUncertainty\source\Modeling and Analysis of UncertaintyView.cpp(9022,22): warning C4244: '=': conversion from 'double' to 'LONG', possible loss of data
C:\Users\henry\Documents\GitHub\ModelingAndAnalysisOfUncertainty\source\Modeling and Analysis of UncertaintyView.cpp(9023,22): warning C4244: '=': conversion from 'double' to 'LONG', possible loss of data
C:\Users\henry\Documents\GitHub\ModelingAndAnalysisOfUncertainty\source\Modeling and Analysis of UncertaintyView.cpp(9029,19): warning C4244: 'initializing': conversion from 'double' to 'int', possible loss of data
C:\Users\henry\Documents\GitHub\ModelingAndAnalysisOfUncertainty\source\Modeling and Analysis of UncertaintyView.cpp(9069,19): warning C4244: 'initializing': conversion from 'double' to 'int', possible loss of data
C:\Users\henry\Documents\GitHub\ModelingAndAnalysisOfUncertainty\source\Modeling and Analysis of UncertaintyView.cpp(9071,23): warning C4244: 'initializing': conversion from 'double' to 'int', possible loss of data
C:\Users\henry\Documents\GitHub\ModelingAndAnalysisOfUncertainty\source\Modeling and Analysis of UncertaintyView.cpp(9083,23): warning C4244: 'initializing': conversion from 'double' to 'int', possible loss of data
C:\Users\henry\Documents\GitHub\ModelingAndAnalysisOfUncertainty\source\Modeling and Analysis of UncertaintyView.cpp(9084,19): warning C4244: 'initializing': conversion from 'double' to 'int', possible loss of data
C:\Users\henry\Documents\GitHub\ModelingAndAnalysisOfUncertainty\source\Modeling and Analysis of UncertaintyView.cpp(9096,19): warning C4244: 'initializing': conversion from 'double' to 'int', possible loss of data
C:\Users\henry\Documents\GitHub\ModelingAndAnalysisOfUncertainty\source\Modeling and Analysis of UncertaintyView.cpp(9098,23): warning C4244: 'initializing': conversion from 'double' to 'int', possible loss of data
C:\Users\henry\Documents\GitHub\ModelingAndAnalysisOfUncertainty\source\Modeling and Analysis of UncertaintyView.cpp(9289,42): warning C4244: '=': conversion from 'double' to 'LONG', possible loss of data
C:\Users\henry\Documents\GitHub\ModelingAndAnalysisOfUncertainty\source\Modeling and Analysis of UncertaintyView.cpp(9290,42): warning C4244: '=': conversion from 'double' to 'LONG', possible loss of data
C:\Users\henry\Documents\GitHub\ModelingAndAnalysisOfUncertainty\source\Modeling and Analysis of UncertaintyView.cpp(9301,41): warning C4244: '=': conversion from 'double' to 'LONG', possible loss of data
C:\Users\henry\Documents\GitHub\ModelingAndAnalysisOfUncertainty\source\Modeling and Analysis of UncertaintyView.cpp(9302,41): warning C4244: '=': conversion from 'double' to 'LONG', possible loss of data
C:\Users\henry\Documents\GitHub\ModelingAndAnalysisOfUncertainty\source\Modeling and Analysis of UncertaintyView.cpp(9303,41): warning C4244: '=': conversion from 'double' to 'LONG', possible loss of data
C:\Users\henry\Documents\GitHub\ModelingAndAnalysisOfUncertainty\source\Modeling and Analysis of UncertaintyView.cpp(9339,33): warning C4244: '=': conversion from 'double' to 'LONG', possible loss of data
C:\Users\henry\Documents\GitHub\ModelingAndAnalysisOfUncertainty\source\Modeling and Analysis of UncertaintyView.cpp(9349,9): warning C4244: 'initializing': conversion from 'INT_PTR' to 'int', possible loss of data
C:\Users\henry\Documents\GitHub\ModelingAndAnalysisOfUncertainty\source\Modeling and Analysis of UncertaintyView.cpp(9350,9): warning C4244: 'initializing': conversion from 'INT_PTR' to 'int', possible loss of data
  ProbabilityDistributions.cpp
  Generating Code...
  source.cpp
  Modeling and Analysis of Uncertainty.vcxproj -> C:\Users\henry\Documents\GitHub\ModelingAndAnalysisOfUncertainty\source\x64\Debug\Modeling and Analysis of Uncertainty.exe
