c:\users\uwesummer\desktop\work\modelingandanalysisofuncertainty\x64\debug\modeling and analysis of uncertainty.pch
c:\users\uwesummer\desktop\work\modelingandanalysisofuncertainty\x64\debug\vc143.pdb
c:\users\uwesummer\desktop\work\modelingandanalysisofuncertainty\x64\debug\vc143.idb
c:\users\uwesummer\desktop\work\modelingandanalysisofuncertainty\x64\debug\pch.obj
c:\users\uwesummer\desktop\work\modelingandanalysisofuncertainty\x64\debug\probabilitydistributions.obj
c:\users\uwesummer\desktop\work\modelingandanalysisofuncertainty\x64\debug\modeling and analysis of uncertaintyview.obj
c:\users\uwesummer\desktop\work\modelingandanalysisofuncertainty\x64\debug\modeling and analysis of uncertainty.obj
c:\users\uwesummer\desktop\work\modelingandanalysisofuncertainty\x64\debug\mainfrm.obj
c:\users\uwesummer\desktop\work\modelingandanalysisofuncertainty\x64\debug\ctwosamplehypothesisselection.obj
c:\users\uwesummer\desktop\work\modelingandanalysisofuncertainty\x64\debug\cspecifyregressionmodel.obj
c:\users\uwesummer\desktop\work\modelingandanalysisofuncertainty\x64\debug\cspecifyfactoranalysis.obj
c:\users\uwesummer\desktop\work\modelingandanalysisofuncertainty\x64\debug\csettingsdescriptivestatistics.obj
c:\users\uwesummer\desktop\work\modelingandanalysisofuncertainty\x64\debug\cselectscatterdiagrams.obj
c:\users\uwesummer\desktop\work\modelingandanalysisofuncertainty\x64\debug\cselectnumberpcs.obj
c:\users\uwesummer\desktop\work\modelingandanalysisofuncertainty\x64\debug\conesamplehypothesisselection.obj
c:\users\uwesummer\desktop\work\modelingandanalysisofuncertainty\x64\debug\cdisplaypcs.obj
c:\users\uwesummer\desktop\work\modelingandanalysisofuncertainty\x64\debug\cannform.obj
c:\users\uwesummer\desktop\work\modelingandanalysisofuncertainty\x64\debug\modeling.64b15f35.tlog\cl.command.1.tlog
c:\users\uwesummer\desktop\work\modelingandanalysisofuncertainty\x64\debug\modeling.64b15f35.tlog\cl.read.1.tlog
c:\users\uwesummer\desktop\work\modelingandanalysisofuncertainty\x64\debug\modeling.64b15f35.tlog\cl.write.1.tlog
